#
# A fatal error has been detected by the Java Runtime Environment:
#
#  SIGSEGV (0xb) at pc=0x0000000104ef01a2, pid=99888, tid=46339
#
# JRE version: OpenJDK Runtime Environment (12.0.1+12) (build 12.0.1+12)
# Java VM: OpenJDK 64-Bit Server VM (12.0.1+12, mixed mode, sharing, tiered, compressed oops, g1 gc, bsd-amd64)
# Problematic frame:
# V  [libjvm.dylib+0x2f01a2]  _ZN20G1ParScanThreadState23enqueue_card_if_trackedIjEEvPT_P7oopDesc+0x26
#
# No core dump will be written. Core dumps have been disabled. To enable core dumping, try "ulimit -c unlimited" before starting Java again
#
# If you would like to submit a bug report, please visit:
#   http://bugreport.java.com/bugreport/crash.jsp
#

---------------  S U M M A R Y ------------

Command Line: -Dfile.encoding=UTF-8 de.perdian.apps.podcentral.ui.CentralApplicationLauncher

Host: MacBookPro13,3 x86_64 2700 MHz, 8 cores, 16G, Darwin 19.0.0
Time: Sun Nov  3 14:14:16 2019 CET elapsed time: 39 seconds (0d 0h 0m 39s)

---------------  T H R E A D  ---------------

Current thread (0x00007fe7ee137800):  GCTaskThread "GC Thread#5" [stack: 0x00007000106b6000,0x00007000107b6000] [id=46339]

Stack: [0x00007000106b6000,0x00007000107b6000],  sp=0x00007000107b5a80,  free space=1022k
Native frames: (J=compiled Java code, A=aot compiled Java code, j=interpreted, Vv=VM code, C=native code)
V  [libjvm.dylib+0x2f01a2]  _ZN20G1ParScanThreadState23enqueue_card_if_trackedIjEEvPT_P7oopDesc+0x26
V  [libjvm.dylib+0x326be6]  _ZN19InstanceMirrorKlass15oop_oop_iterateIj31G1ScanObjsDuringUpdateRSClosureEEvP7oopDescPT0_+0x6e
V  [libjvm.dylib+0x320c28]  _ZN10HeapRegion32oops_on_card_seq_iterate_carefulILb1E31G1ScanObjsDuringUpdateRSClosureEEb9MemRegionPT0_+0x100
V  [libjvm.dylib+0x320b1a]  _ZN8G1RemSet21refine_card_during_gcEPaP31G1ScanObjsDuringUpdateRSClosure+0xba
V  [libjvm.dylib+0x321e84]  _ZN19G1RefineCardClosure11do_card_ptrEPaj+0x1e
V  [libjvm.dylib+0x2c2eb5]  _ZN17DirtyCardQueueSet23apply_closure_to_bufferEP21CardTableEntryClosureP10BufferNodebj+0x41
V  [libjvm.dylib+0x2c30cc]  _ZN17DirtyCardQueueSet33apply_closure_to_completed_bufferEP21CardTableEntryClosurejmb+0x4a
V  [libjvm.dylib+0x2eb69c]  _ZN15G1CollectedHeap26iterate_dirty_card_closureEP21CardTableEntryClosurej+0x3e
V  [libjvm.dylib+0x3204c8]  _ZN8G1RemSet14update_rem_setEP20G1ParScanThreadStatej+0x122
V  [libjvm.dylib+0x320532]  _ZN8G1RemSet27oops_into_collection_set_doEP20G1ParScanThreadStatej+0x18
V  [libjvm.dylib+0x2f0bbf]  _ZN9G1ParTask4workEj+0xd3
V  [libjvm.dylib+0x75b51f]  _ZN10GangWorker4loopEv+0x43
V  [libjvm.dylib+0x6e1bba]  _ZN6Thread8call_runEv+0x68
V  [libjvm.dylib+0x5dbff7]  _ZL19thread_native_entryP6Thread+0x139
C  [libsystem_pthread.dylib+0x5d76]  _pthread_start+0x7d
C  [libsystem_pthread.dylib+0x25d7]  thread_start+0xf


siginfo: si_signo: 11 (SIGSEGV), si_code: 0 (unknown), si_addr: 0x0000000000000000

Register to memory mapping:

RAX=0x314e5a5f5f004565 is an unknown value
RBX=0x00000007bfe2ae48 points into unknown readable memory: 32 00 00 00 00 00 00 00
RCX=0x0000000000000014 is an unknown value
RDX=0x0 is NULL
RSP=0x00007000107b5a80 points into unknown readable memory: 48 ae e2 bf 07 00 00 00
RBP=0x00007000107b5a90 points into unknown readable memory: e0 5a 7b 10 00 70 00 00
RSI=0x00000007bfe2ae48 points into unknown readable memory: 32 00 00 00 00 00 00 00
RDI=0x00007fe7f2cb90e0 points into unknown readable memory: 20 ed 4c 05 01 00 00 00
R8 =0x0000000700000000 points into unknown readable memory: 01 00 00 00 00 00 00 00
R9 =0x0 is NULL
R10=0x0000000000000bfe is an unknown value
R11=0x0000000121dcd000 points into unknown readable memory: 01 00 00 00 00 00 00 00
R12=0x00007000107b5d78 points into unknown readable memory: 00 55 4f 05 01 00 00 00
R13=0x0000000800373520 is pointing into metadata
R14=0x00007fe7f2cb90e0 points into unknown readable memory: 20 ed 4c 05 01 00 00 00
R15=0x0000000800373528 is pointing into metadata


Registers:
RAX=0x314e5a5f5f004565, RBX=0x00000007bfe2ae48, RCX=0x0000000000000014, RDX=0x0000000000000000
RSP=0x00007000107b5a80, RBP=0x00007000107b5a90, RSI=0x00000007bfe2ae48, RDI=0x00007fe7f2cb90e0
R8 =0x0000000700000000, R9 =0x0000000000000000, R10=0x0000000000000bfe, R11=0x0000000121dcd000
R12=0x00007000107b5d78, R13=0x0000000800373520, R14=0x00007fe7f2cb90e0, R15=0x0000000800373528
RIP=0x0000000104ef01a2, EFLAGS=0x0000000000010246, ERR=0x0000000000000000
  TRAPNO=0x000000000000000d

Top of Stack: (sp=0x00007000107b5a80)
0x00007000107b5a80:   00000007bfe2ae48 00000007bfe2ae70
0x00007000107b5a90:   00007000107b5ae0 0000000104f26be6
0x00007000107b5aa0:   00000000005ff157 00000007bfe2ae28
0x00007000107b5ab0:   0000000800373220 00007fe7ed805818
0x00007000107b5ac0:   00000007bfe2aea8 00007fe7ebc6f040
0x00007000107b5ad0:   00000007bfe2ae28 00000007bfe2b000
0x00007000107b5ae0:   00007000107b5b60 0000000104f20c28
0x00007000107b5af0:   000000070145b680 000000000001ffff
0x00007000107b5b00:   00007fe7f2cb90e0 00000001055183d0
0x00007000107b5b10:   00007000107b5b40 0000000000000010
0x00007000107b5b20:   00000007bfe2ae00 00007000107b5b78
0x00007000107b5b30:   00007000107b5d78 00000000000000b3
0x00007000107b5b40:   0000000000000002 00007000107b5d50
0x00007000107b5b50:   00007000107b5d50 00007fe7ecc10000
0x00007000107b5b60:   00007000107b5b90 0000000104f20b1a
0x00007000107b5b70:   00007000107b5b90 00000007bfe2ae00
0x00007000107b5b80:   0000000000000040 00000000000000b3
0x00007000107b5b90:   00007000107b5bd0 0000000104f21e84
0x00007000107b5ba0:   00000001054f5540 00000000000000b3
0x00007000107b5bb0:   0000000000000002 00007000107b5d50
0x00007000107b5bc0:   0000000000000100 00007fe7ecc10000
0x00007000107b5bd0:   00007000107b5c10 0000000104ec2eb5
0x00007000107b5be0:   00000001ecc10000 00007fe7ebc1bf90
0x00007000107b5bf0:   0000000000000002 00007000107b5d50
0x00007000107b5c00:   00007fe7ecc10000 0000000000000001
0x00007000107b5c10:   00007000107b5c50 0000000104ec30cc
0x00007000107b5c20:   0000000105534ec0 ffffffffffffffff
0x00007000107b5c30:   00007000107b5d50 00007fe7ebc1bf90
0x00007000107b5c40:   0000000000000002 00007fe7ebc1be70
0x00007000107b5c50:   00007000107b5c90 0000000104eeb69c
0x00007000107b5c60:   00007fe7ed800000 00007000107b5d50
0x00007000107b5c70:   00007fe7f2cb90e0 00007000107b5d78 

Instructions: (pc=0x0000000104ef01a2)
0x0000000104ef0182:   53 48 89 f3 49 89 fe 49 8b 46 08 48 8b 80 00 01
0x0000000104ef0192:   00 00 8a 48 68 48 d3 ea 48 8b 40 58 48 8b 04 d0
0x0000000104ef01a2:   48 8b 80 f8 00 00 00 83 b8 f8 00 00 00 00 74 3e
0x0000000104ef01b2:   49 8b 7e 50 48 c1 eb 09 48 03 5f 48 48 2b 5f 40 

Stack slot to memory mapping:
stack at sp + 0 slots: 0x00000007bfe2ae48 points into unknown readable memory: 32 00 00 00 00 00 00 00
stack at sp + 1 slots: 0x00000007bfe2ae70 points into unknown readable memory: e8 d9 34 00 08 00 00 00
stack at sp + 2 slots: 0x00007000107b5ae0 points into unknown readable memory: 60 5b 7b 10 00 70 00 00
stack at sp + 3 slots: 0x0000000104f26be6: _ZN19InstanceMirrorKlass15oop_oop_iterateIj31G1ScanObjsDuringUpdateRSClosureEEvP7oopDescPT0_+0x6e in /Library/Java/JavaVirtualMachines/openjdk-12.0.1.jdk/Contents/Home/lib/server/libjvm.dylib at 0x0000000104c00000
stack at sp + 4 slots: 0x00000000005ff157 is an unknown value
stack at sp + 5 slots: 0x00000007bfe2ae28 points into unknown readable memory: 01 c2 aa b4 18 00 00 00
stack at sp + 6 slots: 0x0000000800373220 is pointing into metadata
stack at sp + 7 slots: 0x00007fe7ed805818 points into unknown readable memory: b8 42 4f 05 01 00 00 00


---------------  P R O C E S S  ---------------

Threads class SMR info:
_java_thread_list=0x00007fe7f2cb6b70, length=41, elements={
0x00007fe7ec801800, 0x00007fe7ec81c000, 0x00007fe7ec0c9800, 0x00007fe7ec0cc800,
0x00007fe7ee804000, 0x00007fe7ec0c8800, 0x00007fe7ec0cf800, 0x00007fe7ec0cd800,
0x00007fe7ee01f000, 0x00007fe7ed88e000, 0x00007fe7ee825000, 0x00007fe7eca5a800,
0x00007fe7ed9d4800, 0x00007fe7eca94000, 0x00007fe7ecbed800, 0x00007fe7ecc4b800,
0x00007fe7ee2d3800, 0x00007fe7ecbe0800, 0x00007fe7f1e1e800, 0x00007fe7f3626000,
0x00007fe7f1e1a000, 0x00007fe7f1e22800, 0x00007fe7f1e23000, 0x00007fe7edb0f800,
0x00007fe7ef09a800, 0x00007fe7edad0000, 0x00007fe7f1e21800, 0x00007fe7ef095000,
0x00007fe7f2740800, 0x00007fe7f273c800, 0x00007fe7f305b800, 0x00007fe7f305f000,
0x00007fe7f3059000, 0x00007fe7ee4a5000, 0x00007fe7f3193800, 0x00007fe7f31a8000,
0x00007fe7ece89800, 0x00007fe7f1d45000, 0x00007fe7f33c4800, 0x00007fe7edff0800,
0x00007fe7f33c6800
}

Java Threads: ( => current thread )
  0x00007fe7ec801800 JavaThread "main" [_thread_blocked, id=5891, stack(0x000070000eb59000,0x000070000ec59000)]
  0x00007fe7ec81c000 JavaThread "Reference Handler" daemon [_thread_blocked, id=18179, stack(0x000070000f26e000,0x000070000f36e000)]
  0x00007fe7ec0c9800 JavaThread "Finalizer" daemon [_thread_blocked, id=17411, stack(0x000070000f371000,0x000070000f471000)]
  0x00007fe7ec0cc800 JavaThread "Signal Dispatcher" daemon [_thread_blocked, id=14595, stack(0x000070000f57a000,0x000070000f67a000)]
  0x00007fe7ee804000 JavaThread "C2 CompilerThread0" daemon [_thread_blocked, id=21763, stack(0x000070000f67d000,0x000070000f77d000)]
  0x00007fe7ec0c8800 JavaThread "C1 CompilerThread0" daemon [_thread_blocked, id=22531, stack(0x000070000f780000,0x000070000f880000)]
  0x00007fe7ec0cf800 JavaThread "Sweeper thread" daemon [_thread_blocked, id=23299, stack(0x000070000f883000,0x000070000f983000)]
  0x00007fe7ec0cd800 JavaThread "Service Thread" daemon [_thread_blocked, id=43011, stack(0x000070000f986000,0x000070000fa86000)]
  0x00007fe7ee01f000 JavaThread "Common-Cleaner" daemon [_thread_blocked, id=24067, stack(0x000070000fb8c000,0x000070000fc8c000)]
  0x00007fe7ed88e000 JavaThread "JavaFX-Launcher" [_thread_blocked, id=41987, stack(0x000070000fc8f000,0x000070000fd8f000)]
  0x00007fe7ee825000 JavaThread "QuantumRenderer-0" daemon [_thread_blocked, id=25091, stack(0x000070000fd92000,0x000070000fe92000)]
  0x00007fe7eca5a800 JavaThread "InvokeLaterDispatcher" daemon [_thread_blocked, id=35331, stack(0x000070000fe95000,0x000070000ff95000)]
  0x00007fe7ed9d4800 JavaThread "JavaFX Application Thread" [_thread_in_native, id=775, stack(0x00007ffeeb83a000,0x00007ffeec03a000)]
  0x00007fe7eca94000 JavaThread "Prism Font Disposer" daemon [_thread_blocked, id=82183, stack(0x00007000108bf000,0x00007000109bf000)]
  0x00007fe7ecbed800 JavaThread "Cleaner-0" daemon [_thread_blocked, id=129303, stack(0x0000700010ac5000,0x0000700010bc5000)]
  0x00007fe7ecc4b800 JavaThread "MVStore background writer nio:/Users/perdian/.podcastcentral/database/library.mv.db" daemon [_thread_blocked, id=91495, stack(0x0000700010ed1000,0x0000700010fd1000)]
  0x00007fe7ee2d3800 JavaThread "Hibernate Connection Pool Validation Thread" daemon [_thread_blocked, id=126723, stack(0x0000700010fd4000,0x00007000110d4000)]
  0x00007fe7ecbe0800 JavaThread "pool-2-thread-1" [_thread_blocked, id=89615, stack(0x00007000109c2000,0x0000700010ac2000)]
  0x00007fe7f1e1e800 JavaThread "OkHttp podcasts.files.bbci.co.uk" [_thread_in_native, id=89095, stack(0x00007000110d7000,0x00007000111d7000)]
  0x00007fe7f3626000 JavaThread "OkHttp ConnectionPool" daemon [_thread_blocked, id=130319, stack(0x00007000111da000,0x00007000112da000)]
  0x00007fe7f1e1a000 JavaThread "Okio Watchdog" daemon [_thread_blocked, id=14247, stack(0x00007000112dd000,0x00007000113dd000)]
  0x00007fe7f1e22800 JavaThread "OkHttp podcasts.files.bbci.co.uk Writer" [_thread_blocked, id=73083, stack(0x00007000113e0000,0x00007000114e0000)]
  0x00007fe7f1e23000 JavaThread "OkHttp Http2Connection" daemon [_thread_blocked, id=92931, stack(0x00007000114e3000,0x00007000115e3000)]
  0x00007fe7edb0f800 JavaThread "OkHttp ConnectionPool" daemon [_thread_blocked, id=67595, stack(0x00007000115e6000,0x00007000116e6000)]
  0x00007fe7ef09a800 JavaThread "OkHttp podcasts.files.bbci.co.uk" [_thread_in_native, id=64295, stack(0x00007000116e9000,0x00007000117e9000)]
  0x00007fe7edad0000 JavaThread "OkHttp ConnectionPool" daemon [_thread_blocked, id=125447, stack(0x00007000117ec000,0x00007000118ec000)]
  0x00007fe7f1e21800 JavaThread "OkHttp podcasts.files.bbci.co.uk Writer" [_thread_blocked, id=124699, stack(0x00007000118ef000,0x00007000119ef000)]
  0x00007fe7ef095000 JavaThread "OkHttp ConnectionPool" daemon [_thread_blocked, id=95491, stack(0x00007000119f2000,0x0000700011af2000)]
  0x00007fe7f2740800 JavaThread "OkHttp podcasts.files.bbci.co.uk" [_thread_in_native, id=95755, stack(0x0000700011af5000,0x0000700011bf5000)]
  0x00007fe7f273c800 JavaThread "OkHttp ConnectionPool" daemon [_thread_blocked, id=96267, stack(0x0000700011bf8000,0x0000700011cf8000)]
  0x00007fe7f305b800 JavaThread "OkHttp podcasts.files.bbci.co.uk Writer" [_thread_blocked, id=122627, stack(0x0000700011cfb000,0x0000700011dfb000)]
  0x00007fe7f305f000 JavaThread "OkHttp podcasts.files.bbci.co.uk" [_thread_in_native, id=96635, stack(0x0000700011dfe000,0x0000700011efe000)]
  0x00007fe7f3059000 JavaThread "OkHttp ConnectionPool" daemon [_thread_blocked, id=97031, stack(0x0000700011f01000,0x0000700012001000)]
  0x00007fe7ee4a5000 JavaThread "OkHttp podcasts.files.bbci.co.uk Writer" [_thread_blocked, id=121347, stack(0x0000700012004000,0x0000700012104000)]
  0x00007fe7f3193800 JavaThread "OkHttp podcasts.files.bbci.co.uk" [_thread_in_native, id=44903, stack(0x000070001009e000,0x000070001019e000)]
  0x00007fe7f31a8000 JavaThread "OkHttp ConnectionPool" daemon [_thread_blocked, id=97835, stack(0x0000700012107000,0x0000700012207000)]
  0x00007fe7ece89800 JavaThread "OkHttp podcasts.files.bbci.co.uk Writer" [_thread_blocked, id=98563, stack(0x000070001220a000,0x000070001230a000)]
  0x00007fe7f1d45000 JavaThread "PulseTimer-CVDisplayLink thread" daemon [_thread_blocked, id=122235, stack(0x000070000f4f7000,0x000070000f577000)]
  0x00007fe7f33c4800 JavaThread "OkHttp podcasts.files.bbci.co.uk" [_thread_in_native, id=39751, stack(0x000070001230d000,0x000070001240d000)]
  0x00007fe7edff0800 JavaThread "OkHttp ConnectionPool" daemon [_thread_blocked, id=120727, stack(0x0000700012410000,0x0000700012510000)]
  0x00007fe7f33c6800 JavaThread "OkHttp podcasts.files.bbci.co.uk Writer" [_thread_blocked, id=99851, stack(0x0000700012513000,0x0000700012613000)]

Other Threads:
  0x00007fe7ec81b000 VMThread "VM Thread" [stack: 0x000070000f16b000,0x000070000f26b000] [id=13315]
  0x00007fe7ef000800 WatcherThread [stack: 0x000070000fa89000,0x000070000fb89000] [id=42499]
  0x00007fe7ec036000 GCTaskThread "GC Thread#0" [stack: 0x000070000ec5c000,0x000070000ed5c000] [id=11523]
  0x00007fe7ed9f8800 GCTaskThread "GC Thread#1" [stack: 0x00007000102aa000,0x00007000103aa000] [id=84231]
  0x00007fe7ee133000 GCTaskThread "GC Thread#2" [stack: 0x00007000103ad000,0x00007000104ad000] [id=45571]
  0x00007fe7ee134000 GCTaskThread "GC Thread#3" [stack: 0x00007000104b0000,0x00007000105b0000] [id=83715]
  0x00007fe7ee134800 GCTaskThread "GC Thread#4" [stack: 0x00007000105b3000,0x00007000106b3000] [id=46083]
=>0x00007fe7ee137800 GCTaskThread "GC Thread#5" [stack: 0x00007000106b6000,0x00007000107b6000] [id=46339]
  0x00007fe7edbac800 GCTaskThread "GC Thread#6" [stack: 0x0000700010bc8000,0x0000700010cc8000] [id=128523]
  0x00007fe7edbad000 GCTaskThread "GC Thread#7" [stack: 0x0000700010ccb000,0x0000700010dcb000] [id=73271]
  0x00007fe7ed81e000 ConcurrentGCThread "G1 Main Marker" [stack: 0x000070000ed5f000,0x000070000ee5f000] [id=20995]
  0x00007fe7ec037000 ConcurrentGCThread "G1 Conc#0" [stack: 0x000070000ee62000,0x000070000ef62000] [id=20227]
  0x00007fe7ee2d7000 ConcurrentGCThread "G1 Conc#1" [stack: 0x0000700010dce000,0x0000700010ece000] [id=127751]
  0x00007fe7ec0bd000 ConcurrentGCThread "G1 Refine#0" [stack: 0x000070000ef65000,0x000070000f065000] [id=19971]
  0x00007fe7ec0be000 ConcurrentGCThread "G1 Young RemSet Sampling" [stack: 0x000070000f068000,0x000070000f168000] [id=12547]

Threads with active compile tasks:
C2 CompilerThread0  7931       4       java.lang.AbstractStringBuilder::appendChars (133 bytes)
C1 CompilerThread0  7946       3       com.sun.org.apache.xerces.internal.impl.XMLScanner::scanAttributeValue (991 bytes)

VM state:at safepoint (normal execution)

VM Mutex/Monitor currently owned by a thread:  ([mutex/lock_event])
[0x00007fe7ebc16960] Threads_lock - owner thread: 0x00007fe7ec81b000
[0x00007fe7ebc17060] Heap_lock - owner thread: 0x00007fe7ecbe0800

OutOfMemory and StackOverflow Exception counts:
StackOverflowErrors=10
LinkageErrors=39

Heap address: 0x0000000700000000, size: 4096 MB, Compressed Oops mode: Zero based, Oop shift amount: 3
Narrow klass base: 0x0000000800000000, Narrow klass shift: 3
Compressed class space size: 1073741824 Address: 0x00000008010fa000

Heap:
 garbage-first heap   total 160768K, used 104372K [0x0000000700000000, 0x0000000800000000)
  region size 1024K, 79 young (80896K), 4 survivors (4096K)
 Metaspace       used 55938K, capacity 57453K, committed 57628K, reserved 1099776K
  class space    used 7384K, capacity 8012K, committed 8044K, reserved 1048576K
Heap Regions: E=young(eden), S=young(survivor), O=old, HS=humongous(starts), HC=humongous(continues), CS=collection set, F=free, A=archive, TAMS=top-at-mark-start (previous, next)
|   0|0x0000000700000000, 0x0000000700100000, 0x0000000700100000|100%|HS|  |TAMS 0x0000000700100000, 0x0000000700000000| Complete 
|   1|0x0000000700100000, 0x00000007001d8200, 0x0000000700200000| 84%| O|  |TAMS 0x00000007001d8200, 0x0000000700100000| Untracked 
|   2|0x0000000700200000, 0x0000000700300000, 0x0000000700300000|100%|HS|  |TAMS 0x0000000700300000, 0x0000000700200000| Complete 
|   3|0x0000000700300000, 0x0000000700400000, 0x0000000700400000|100%|HC|  |TAMS 0x0000000700400000, 0x0000000700300000| Complete 
|   4|0x0000000700400000, 0x0000000700500000, 0x0000000700500000|100%|HS|  |TAMS 0x0000000700500000, 0x0000000700400000| Complete 
|   5|0x0000000700500000, 0x0000000700600000, 0x0000000700600000|100%|HC|  |TAMS 0x0000000700600000, 0x0000000700500000| Complete 
|   6|0x0000000700600000, 0x0000000700700000, 0x0000000700700000|100%| O|  |TAMS 0x0000000700700000, 0x0000000700600000| Untracked 
|   7|0x0000000700700000, 0x0000000700800000, 0x0000000700800000|100%| O|  |TAMS 0x0000000700800000, 0x0000000700700000| Untracked 
|   8|0x0000000700800000, 0x0000000700900000, 0x0000000700900000|100%| O|  |TAMS 0x0000000700900000, 0x0000000700800000| Untracked 
|   9|0x0000000700900000, 0x0000000700a00000, 0x0000000700a00000|100%| O|  |TAMS 0x0000000700a00000, 0x0000000700900000| Untracked 
|  10|0x0000000700a00000, 0x0000000700b00000, 0x0000000700b00000|100%| O|  |TAMS 0x0000000700b00000, 0x0000000700a00000| Untracked 
|  11|0x0000000700b00000, 0x0000000700c00000, 0x0000000700c00000|100%| O|  |TAMS 0x0000000700c00000, 0x0000000700b00000| Untracked 
|  12|0x0000000700c00000, 0x0000000700d00000, 0x0000000700d00000|100%| O|  |TAMS 0x0000000700d00000, 0x0000000700c00000| Untracked 
|  13|0x0000000700d00000, 0x0000000700e00000, 0x0000000700e00000|100%| O|  |TAMS 0x0000000700e00000, 0x0000000700d00000| Untracked 
|  14|0x0000000700e00000, 0x0000000700f00000, 0x0000000700f00000|100%| O|  |TAMS 0x0000000700e51400, 0x0000000700e00000| Untracked 
|  15|0x0000000700f00000, 0x0000000701000000, 0x0000000701000000|100%| O|  |TAMS 0x0000000700f00000, 0x0000000700f00000| Untracked 
|  16|0x0000000701000000, 0x0000000701100000, 0x0000000701100000|100%| O|  |TAMS 0x0000000701000000, 0x0000000701000000| Untracked 
|  17|0x0000000701100000, 0x0000000701200000, 0x0000000701200000|100%| O|  |TAMS 0x0000000701100000, 0x0000000701100000| Untracked 
|  18|0x0000000701200000, 0x0000000701300000, 0x0000000701300000|100%| O|  |TAMS 0x0000000701200000, 0x0000000701200000| Untracked 
|  19|0x0000000701300000, 0x0000000701400000, 0x0000000701400000|100%| O|  |TAMS 0x0000000701300000, 0x0000000701300000| Untracked 
|  20|0x0000000701400000, 0x0000000701500000, 0x0000000701500000|100%| O|  |TAMS 0x0000000701400000, 0x0000000701400000| Untracked 
|  21|0x0000000701500000, 0x0000000701600000, 0x0000000701600000|100%| O|  |TAMS 0x0000000701500000, 0x0000000701500000| Untracked 
|  22|0x0000000701600000, 0x0000000701700000, 0x0000000701700000|100%| O|  |TAMS 0x0000000701600000, 0x0000000701600000| Untracked 
|  23|0x0000000701700000, 0x0000000701800000, 0x0000000701800000|100%| O|  |TAMS 0x0000000701700000, 0x0000000701700000| Untracked 
|  24|0x0000000701800000, 0x0000000701900000, 0x0000000701900000|100%| O|  |TAMS 0x0000000701800000, 0x0000000701800000| Untracked 
|  25|0x0000000701900000, 0x000000070194d618, 0x0000000701a00000| 30%| O|  |TAMS 0x0000000701900000, 0x0000000701900000| Untracked 
|  26|0x0000000701a00000, 0x0000000701a00000, 0x0000000701b00000|  0%| F|  |TAMS 0x0000000701a00000, 0x0000000701a00000| Untracked 
|  27|0x0000000701b00000, 0x0000000701b00000, 0x0000000701c00000|  0%| F|  |TAMS 0x0000000701b00000, 0x0000000701b00000| Untracked 
|  28|0x0000000701c00000, 0x0000000701c00000, 0x0000000701d00000|  0%| F|  |TAMS 0x0000000701c00000, 0x0000000701c00000| Untracked 
|  29|0x0000000701d00000, 0x0000000701d00000, 0x0000000701e00000|  0%| F|  |TAMS 0x0000000701d00000, 0x0000000701d00000| Untracked 
|  30|0x0000000701e00000, 0x0000000701e00000, 0x0000000701f00000|  0%| F|  |TAMS 0x0000000701e00000, 0x0000000701e00000| Untracked 
|  31|0x0000000701f00000, 0x0000000701f00000, 0x0000000702000000|  0%| F|  |TAMS 0x0000000701f00000, 0x0000000701f00000| Untracked 
|  32|0x0000000702000000, 0x0000000702000000, 0x0000000702100000|  0%| F|  |TAMS 0x0000000702000000, 0x0000000702000000| Untracked 
|  33|0x0000000702100000, 0x0000000702100000, 0x0000000702200000|  0%| F|  |TAMS 0x0000000702100000, 0x0000000702100000| Untracked 
|  34|0x0000000702200000, 0x0000000702200000, 0x0000000702300000|  0%| F|  |TAMS 0x0000000702200000, 0x0000000702200000| Untracked 
|  35|0x0000000702300000, 0x0000000702300000, 0x0000000702400000|  0%| F|  |TAMS 0x0000000702300000, 0x0000000702300000| Untracked 
|  36|0x0000000702400000, 0x0000000702400000, 0x0000000702500000|  0%| F|  |TAMS 0x0000000702400000, 0x0000000702400000| Untracked 
|  37|0x0000000702500000, 0x0000000702500000, 0x0000000702600000|  0%| F|  |TAMS 0x0000000702500000, 0x0000000702500000| Untracked 
|  38|0x0000000702600000, 0x0000000702600000, 0x0000000702700000|  0%| F|  |TAMS 0x0000000702600000, 0x0000000702600000| Untracked 
|  39|0x0000000702700000, 0x0000000702700000, 0x0000000702800000|  0%| F|  |TAMS 0x0000000702700000, 0x0000000702700000| Untracked 
|  40|0x0000000702800000, 0x0000000702800000, 0x0000000702900000|  0%| F|  |TAMS 0x0000000702800000, 0x0000000702800000| Untracked 
|  41|0x0000000702900000, 0x0000000702900000, 0x0000000702a00000|  0%| F|  |TAMS 0x0000000702900000, 0x0000000702900000| Untracked 
|  42|0x0000000702a00000, 0x0000000702a00000, 0x0000000702b00000|  0%| F|  |TAMS 0x0000000702a00000, 0x0000000702a00000| Untracked 
|  43|0x0000000702b00000, 0x0000000702b00000, 0x0000000702c00000|  0%| F|  |TAMS 0x0000000702b00000, 0x0000000702b00000| Untracked 
|  44|0x0000000702c00000, 0x0000000702c00000, 0x0000000702d00000|  0%| F|  |TAMS 0x0000000702c00000, 0x0000000702c00000| Untracked 
|  45|0x0000000702d00000, 0x0000000702d00000, 0x0000000702e00000|  0%| F|  |TAMS 0x0000000702d00000, 0x0000000702d00000| Untracked 
|  46|0x0000000702e00000, 0x0000000702e00000, 0x0000000702f00000|  0%| F|  |TAMS 0x0000000702e00000, 0x0000000702e00000| Untracked 
|  47|0x0000000702f00000, 0x0000000702f00000, 0x0000000703000000|  0%| F|  |TAMS 0x0000000702f00000, 0x0000000702f00000| Untracked 
|  48|0x0000000703000000, 0x0000000703000000, 0x0000000703100000|  0%| F|  |TAMS 0x0000000703000000, 0x0000000703000000| Untracked 
|  49|0x0000000703100000, 0x0000000703100000, 0x0000000703200000|  0%| F|  |TAMS 0x0000000703100000, 0x0000000703100000| Untracked 
|  50|0x0000000703200000, 0x0000000703200000, 0x0000000703300000|  0%| F|  |TAMS 0x0000000703200000, 0x0000000703200000| Untracked 
|  51|0x0000000703300000, 0x0000000703300000, 0x0000000703400000|  0%| F|  |TAMS 0x0000000703300000, 0x0000000703300000| Untracked 
|  52|0x0000000703400000, 0x0000000703400000, 0x0000000703500000|  0%| F|  |TAMS 0x0000000703400000, 0x0000000703400000| Untracked 
|  53|0x0000000703500000, 0x0000000703500000, 0x0000000703600000|  0%| F|  |TAMS 0x0000000703500000, 0x0000000703500000| Untracked 
|  54|0x0000000703600000, 0x0000000703600000, 0x0000000703700000|  0%| F|  |TAMS 0x0000000703600000, 0x0000000703600000| Untracked 
|  55|0x0000000703700000, 0x0000000703700000, 0x0000000703800000|  0%| F|  |TAMS 0x0000000703700000, 0x0000000703700000| Untracked 
|  56|0x0000000703800000, 0x0000000703800000, 0x0000000703900000|  0%| F|  |TAMS 0x0000000703800000, 0x0000000703800000| Untracked 
|  57|0x0000000703900000, 0x0000000703900000, 0x0000000703a00000|  0%| F|  |TAMS 0x0000000703900000, 0x0000000703900000| Untracked 
|  58|0x0000000703a00000, 0x0000000703a00000, 0x0000000703b00000|  0%| F|  |TAMS 0x0000000703a00000, 0x0000000703a00000| Untracked 
|  59|0x0000000703b00000, 0x0000000703b00000, 0x0000000703c00000|  0%| F|  |TAMS 0x0000000703b00000, 0x0000000703b00000| Untracked 
|  60|0x0000000703c00000, 0x0000000703c00000, 0x0000000703d00000|  0%| F|  |TAMS 0x0000000703c00000, 0x0000000703c00000| Untracked 
|  61|0x0000000703d00000, 0x0000000703d00000, 0x0000000703e00000|  0%| F|  |TAMS 0x0000000703d00000, 0x0000000703d00000| Untracked 
|  62|0x0000000703e00000, 0x0000000703e00000, 0x0000000703f00000|  0%| F|  |TAMS 0x0000000703e00000, 0x0000000703e00000| Untracked 
|  63|0x0000000703f00000, 0x0000000703f00000, 0x0000000704000000|  0%| F|  |TAMS 0x0000000703f00000, 0x0000000703f00000| Untracked 
|  64|0x0000000704000000, 0x0000000704000000, 0x0000000704100000|  0%| F|  |TAMS 0x0000000704000000, 0x0000000704000000| Untracked 
|  65|0x0000000704100000, 0x0000000704100000, 0x0000000704200000|  0%| F|  |TAMS 0x0000000704100000, 0x0000000704100000| Untracked 
|  66|0x0000000704200000, 0x00000007042c6930, 0x0000000704300000| 77%| S|  |TAMS 0x0000000704200000, 0x0000000704200000| Complete 
|  67|0x0000000704300000, 0x0000000704400000, 0x0000000704400000|100%| S|  |TAMS 0x0000000704300000, 0x0000000704300000| Complete 
|  68|0x0000000704400000, 0x0000000704500000, 0x0000000704500000|100%| S|  |TAMS 0x0000000704400000, 0x0000000704400000| Complete 
|  69|0x0000000704500000, 0x0000000704600000, 0x0000000704600000|100%| E|CS|TAMS 0x0000000704500000, 0x0000000704500000| Complete 
|  70|0x0000000704600000, 0x0000000704700000, 0x0000000704700000|100%| E|CS|TAMS 0x0000000704600000, 0x0000000704600000| Complete 
|  71|0x0000000704700000, 0x0000000704800000, 0x0000000704800000|100%| E|CS|TAMS 0x0000000704700000, 0x0000000704700000| Complete 
|  72|0x0000000704800000, 0x0000000704900000, 0x0000000704900000|100%| E|CS|TAMS 0x0000000704800000, 0x0000000704800000| Complete 
|  73|0x0000000704900000, 0x0000000704a00000, 0x0000000704a00000|100%| E|CS|TAMS 0x0000000704900000, 0x0000000704900000| Complete 
|  74|0x0000000704a00000, 0x0000000704b00000, 0x0000000704b00000|100%| E|CS|TAMS 0x0000000704a00000, 0x0000000704a00000| Complete 
|  75|0x0000000704b00000, 0x0000000704c00000, 0x0000000704c00000|100%| E|CS|TAMS 0x0000000704b00000, 0x0000000704b00000| Complete 
|  76|0x0000000704c00000, 0x0000000704d00000, 0x0000000704d00000|100%| E|CS|TAMS 0x0000000704c00000, 0x0000000704c00000| Complete 
|  77|0x0000000704d00000, 0x0000000704e00000, 0x0000000704e00000|100%| E|CS|TAMS 0x0000000704d00000, 0x0000000704d00000| Complete 
|  78|0x0000000704e00000, 0x0000000704f00000, 0x0000000704f00000|100%| E|CS|TAMS 0x0000000704e00000, 0x0000000704e00000| Complete 
|  79|0x0000000704f00000, 0x0000000705000000, 0x0000000705000000|100%| S|  |TAMS 0x0000000704f00000, 0x0000000704f00000| Complete 
|  80|0x0000000705000000, 0x0000000705100000, 0x0000000705100000|100%| E|CS|TAMS 0x0000000705000000, 0x0000000705000000| Complete 
|  81|0x0000000705100000, 0x0000000705200000, 0x0000000705200000|100%| E|CS|TAMS 0x0000000705100000, 0x0000000705100000| Complete 
|  82|0x0000000705200000, 0x0000000705300000, 0x0000000705300000|100%| E|CS|TAMS 0x0000000705200000, 0x0000000705200000| Complete 
|  83|0x0000000705300000, 0x0000000705400000, 0x0000000705400000|100%| E|CS|TAMS 0x0000000705300000, 0x0000000705300000| Complete 
|  84|0x0000000705400000, 0x0000000705500000, 0x0000000705500000|100%| E|CS|TAMS 0x0000000705400000, 0x0000000705400000| Complete 
|  85|0x0000000705500000, 0x0000000705600000, 0x0000000705600000|100%| E|CS|TAMS 0x0000000705500000, 0x0000000705500000| Complete 
|  86|0x0000000705600000, 0x0000000705700000, 0x0000000705700000|100%| E|CS|TAMS 0x0000000705600000, 0x0000000705600000| Complete 
|  87|0x0000000705700000, 0x0000000705800000, 0x0000000705800000|100%| E|CS|TAMS 0x0000000705700000, 0x0000000705700000| Complete 
|  88|0x0000000705800000, 0x0000000705900000, 0x0000000705900000|100%| E|CS|TAMS 0x0000000705800000, 0x0000000705800000| Complete 
|  89|0x0000000705900000, 0x0000000705a00000, 0x0000000705a00000|100%| E|CS|TAMS 0x0000000705900000, 0x0000000705900000| Complete 
|  90|0x0000000705a00000, 0x0000000705b00000, 0x0000000705b00000|100%| E|CS|TAMS 0x0000000705a00000, 0x0000000705a00000| Complete 
|  91|0x0000000705b00000, 0x0000000705c00000, 0x0000000705c00000|100%| E|CS|TAMS 0x0000000705b00000, 0x0000000705b00000| Complete 
|  92|0x0000000705c00000, 0x0000000705d00000, 0x0000000705d00000|100%| E|CS|TAMS 0x0000000705c00000, 0x0000000705c00000| Complete 
|  93|0x0000000705d00000, 0x0000000705e00000, 0x0000000705e00000|100%| E|CS|TAMS 0x0000000705d00000, 0x0000000705d00000| Complete 
|  94|0x0000000705e00000, 0x0000000705f00000, 0x0000000705f00000|100%| E|CS|TAMS 0x0000000705e00000, 0x0000000705e00000| Complete 
|  95|0x0000000705f00000, 0x0000000706000000, 0x0000000706000000|100%| E|CS|TAMS 0x0000000705f00000, 0x0000000705f00000| Complete 
|  96|0x0000000706000000, 0x0000000706100000, 0x0000000706100000|100%| E|CS|TAMS 0x0000000706000000, 0x0000000706000000| Complete 
|  97|0x0000000706100000, 0x0000000706200000, 0x0000000706200000|100%| E|CS|TAMS 0x0000000706100000, 0x0000000706100000| Complete 
|  98|0x0000000706200000, 0x0000000706300000, 0x0000000706300000|100%| E|CS|TAMS 0x0000000706200000, 0x0000000706200000| Complete 
|  99|0x0000000706300000, 0x0000000706400000, 0x0000000706400000|100%| E|CS|TAMS 0x0000000706300000, 0x0000000706300000| Complete 
| 100|0x0000000706400000, 0x0000000706500000, 0x0000000706500000|100%| E|CS|TAMS 0x0000000706400000, 0x0000000706400000| Complete 
| 101|0x0000000706500000, 0x0000000706600000, 0x0000000706600000|100%| E|CS|TAMS 0x0000000706500000, 0x0000000706500000| Complete 
| 102|0x0000000706600000, 0x0000000706700000, 0x0000000706700000|100%| E|CS|TAMS 0x0000000706600000, 0x0000000706600000| Complete 
| 103|0x0000000706700000, 0x0000000706800000, 0x0000000706800000|100%| E|CS|TAMS 0x0000000706700000, 0x0000000706700000| Complete 
| 104|0x0000000706800000, 0x0000000706900000, 0x0000000706900000|100%| E|CS|TAMS 0x0000000706800000, 0x0000000706800000| Complete 
| 105|0x0000000706900000, 0x0000000706a00000, 0x0000000706a00000|100%| E|CS|TAMS 0x0000000706900000, 0x0000000706900000| Complete 
| 106|0x0000000706a00000, 0x0000000706b00000, 0x0000000706b00000|100%| E|CS|TAMS 0x0000000706a00000, 0x0000000706a00000| Complete 
| 107|0x0000000706b00000, 0x0000000706c00000, 0x0000000706c00000|100%| E|CS|TAMS 0x0000000706b00000, 0x0000000706b00000| Complete 
| 108|0x0000000706c00000, 0x0000000706d00000, 0x0000000706d00000|100%| E|CS|TAMS 0x0000000706c00000, 0x0000000706c00000| Complete 
| 109|0x0000000706d00000, 0x0000000706e00000, 0x0000000706e00000|100%| E|CS|TAMS 0x0000000706d00000, 0x0000000706d00000| Complete 
| 110|0x0000000706e00000, 0x0000000706f00000, 0x0000000706f00000|100%| E|CS|TAMS 0x0000000706e00000, 0x0000000706e00000| Complete 
| 111|0x0000000706f00000, 0x0000000707000000, 0x0000000707000000|100%| E|CS|TAMS 0x0000000706f00000, 0x0000000706f00000| Complete 
| 112|0x0000000707000000, 0x0000000707100000, 0x0000000707100000|100%| E|CS|TAMS 0x0000000707000000, 0x0000000707000000| Complete 
| 113|0x0000000707100000, 0x0000000707200000, 0x0000000707200000|100%| E|CS|TAMS 0x0000000707100000, 0x0000000707100000| Complete 
| 114|0x0000000707200000, 0x0000000707300000, 0x0000000707300000|100%| E|CS|TAMS 0x0000000707200000, 0x0000000707200000| Complete 
| 115|0x0000000707300000, 0x0000000707400000, 0x0000000707400000|100%| E|CS|TAMS 0x0000000707300000, 0x0000000707300000| Complete 
| 116|0x0000000707400000, 0x0000000707500000, 0x0000000707500000|100%| E|CS|TAMS 0x0000000707400000, 0x0000000707400000| Complete 
| 117|0x0000000707500000, 0x0000000707600000, 0x0000000707600000|100%| E|CS|TAMS 0x0000000707500000, 0x0000000707500000| Complete 
| 118|0x0000000707600000, 0x0000000707700000, 0x0000000707700000|100%| E|CS|TAMS 0x0000000707600000, 0x0000000707600000| Complete 
| 119|0x0000000707700000, 0x0000000707800000, 0x0000000707800000|100%| E|CS|TAMS 0x0000000707700000, 0x0000000707700000| Complete 
| 120|0x0000000707800000, 0x0000000707900000, 0x0000000707900000|100%| E|CS|TAMS 0x0000000707800000, 0x0000000707800000| Complete 
| 121|0x0000000707900000, 0x0000000707a00000, 0x0000000707a00000|100%| E|CS|TAMS 0x0000000707900000, 0x0000000707900000| Complete 
| 122|0x0000000707a00000, 0x0000000707b00000, 0x0000000707b00000|100%| E|CS|TAMS 0x0000000707a00000, 0x0000000707a00000| Complete 
| 123|0x0000000707b00000, 0x0000000707c00000, 0x0000000707c00000|100%| E|CS|TAMS 0x0000000707b00000, 0x0000000707b00000| Complete 
| 124|0x0000000707c00000, 0x0000000707d00000, 0x0000000707d00000|100%| E|CS|TAMS 0x0000000707c00000, 0x0000000707c00000| Complete 
| 125|0x0000000707d00000, 0x0000000707e00000, 0x0000000707e00000|100%| E|CS|TAMS 0x0000000707d00000, 0x0000000707d00000| Complete 
| 126|0x0000000707e00000, 0x0000000707f00000, 0x0000000707f00000|100%| E|CS|TAMS 0x0000000707e00000, 0x0000000707e00000| Complete 
| 127|0x0000000707f00000, 0x0000000708000000, 0x0000000708000000|100%| E|CS|TAMS 0x0000000707f00000, 0x0000000707f00000| Complete 
| 128|0x0000000708000000, 0x0000000708100000, 0x0000000708100000|100%| E|CS|TAMS 0x0000000708000000, 0x0000000708000000| Complete 
| 129|0x0000000708100000, 0x0000000708200000, 0x0000000708200000|100%| E|CS|TAMS 0x0000000708100000, 0x0000000708100000| Complete 
| 130|0x0000000708200000, 0x0000000708300000, 0x0000000708300000|100%| E|CS|TAMS 0x0000000708200000, 0x0000000708200000| Complete 
| 131|0x0000000708300000, 0x0000000708400000, 0x0000000708400000|100%| E|CS|TAMS 0x0000000708300000, 0x0000000708300000| Complete 
| 132|0x0000000708400000, 0x0000000708500000, 0x0000000708500000|100%| E|CS|TAMS 0x0000000708400000, 0x0000000708400000| Complete 
| 133|0x0000000708500000, 0x0000000708600000, 0x0000000708600000|100%| E|CS|TAMS 0x0000000708500000, 0x0000000708500000| Complete 
| 134|0x0000000708600000, 0x0000000708700000, 0x0000000708700000|100%| E|CS|TAMS 0x0000000708600000, 0x0000000708600000| Complete 
| 135|0x0000000708700000, 0x0000000708800000, 0x0000000708800000|100%| E|CS|TAMS 0x0000000708700000, 0x0000000708700000| Complete 
| 136|0x0000000708800000, 0x0000000708900000, 0x0000000708900000|100%| E|CS|TAMS 0x0000000708800000, 0x0000000708800000| Complete 
| 137|0x0000000708900000, 0x0000000708a00000, 0x0000000708a00000|100%| E|CS|TAMS 0x0000000708900000, 0x0000000708900000| Complete 
| 138|0x0000000708a00000, 0x0000000708b00000, 0x0000000708b00000|100%| E|CS|TAMS 0x0000000708a00000, 0x0000000708a00000| Complete 
| 139|0x0000000708b00000, 0x0000000708c00000, 0x0000000708c00000|100%| E|CS|TAMS 0x0000000708b00000, 0x0000000708b00000| Complete 
| 140|0x0000000708c00000, 0x0000000708d00000, 0x0000000708d00000|100%| E|CS|TAMS 0x0000000708c00000, 0x0000000708c00000| Complete 
| 141|0x0000000708d00000, 0x0000000708e00000, 0x0000000708e00000|100%| E|CS|TAMS 0x0000000708d00000, 0x0000000708d00000| Complete 
| 142|0x0000000708e00000, 0x0000000708f00000, 0x0000000708f00000|100%| E|CS|TAMS 0x0000000708e00000, 0x0000000708e00000| Complete 
| 143|0x0000000708f00000, 0x0000000709000000, 0x0000000709000000|100%| E|CS|TAMS 0x0000000708f00000, 0x0000000708f00000| Complete 
| 144|0x0000000709000000, 0x0000000709100000, 0x0000000709100000|100%| E|CS|TAMS 0x0000000709000000, 0x0000000709000000| Complete 
| 145|0x0000000709100000, 0x0000000709200000, 0x0000000709200000|100%| E|CS|TAMS 0x0000000709100000, 0x0000000709100000| Complete 
| 146|0x0000000709200000, 0x0000000709300000, 0x0000000709300000|100%| E|CS|TAMS 0x0000000709200000, 0x0000000709200000| Complete 
| 147|0x0000000709300000, 0x0000000709400000, 0x0000000709400000|100%| E|CS|TAMS 0x0000000709300000, 0x0000000709300000| Complete 
| 148|0x0000000709400000, 0x0000000709500000, 0x0000000709500000|100%| E|CS|TAMS 0x0000000709400000, 0x0000000709400000| Complete 
| 149|0x0000000709500000, 0x0000000709600000, 0x0000000709600000|100%| E|CS|TAMS 0x0000000709500000, 0x0000000709500000| Complete 
| 150|0x0000000709600000, 0x0000000709700000, 0x0000000709700000|100%| E|CS|TAMS 0x0000000709600000, 0x0000000709600000| Complete 
| 151|0x0000000709700000, 0x0000000709800000, 0x0000000709800000|100%| E|CS|TAMS 0x0000000709700000, 0x0000000709700000| Complete 
| 152|0x0000000709800000, 0x0000000709900000, 0x0000000709900000|100%| E|CS|TAMS 0x0000000709800000, 0x0000000709800000| Complete 
| 254|0x000000070fe00000, 0x000000070ff00000, 0x000000070ff00000|100%| E|CS|TAMS 0x000000070fe00000, 0x000000070fe00000| Complete 
| 255|0x000000070ff00000, 0x0000000710000000, 0x0000000710000000|100%| E|CS|TAMS 0x000000070ff00000, 0x000000070ff00000| Complete 
|3070|0x00000007bfe00000, 0x00000007bfe46000, 0x00000007bff00000| 27%|OA|  |TAMS 0x00000007bfe46000, 0x00000007bfe00000| Untracked 
|3071|0x00000007bff00000, 0x00000007bff6f000, 0x00000007c0000000| 43%|CA|  |TAMS 0x00000007bff6f000, 0x00000007bff00000| Untracked 

Card table byte_map: [0x000000010efd6000,0x000000010f7d6000] _byte_map_base: 0x000000010b7d6000

Marking Bits (Prev, Next): (CMBitMap*) 0x00007fe7ed805818, (CMBitMap*) 0x00007fe7ed805858
 Prev Bits: [0x0000000121dcd000, 0x0000000125dcd000)
 Next Bits: [0x0000000125dcd000, 0x0000000129dcd000)

Polling page: 0x0000000103bfd000

Metaspace:

Usage:
  Non-class:     48.28 MB capacity,    47.42 MB ( 98%) used,   699.89 KB (  1%) free+waste,   187.56 KB ( <1%) overhead. 
      Class:      7.82 MB capacity,     7.21 MB ( 92%) used,   535.00 KB (  7%) free+waste,    92.44 KB (  1%) overhead. 
       Both:     56.11 MB capacity,    54.63 MB ( 97%) used,     1.21 MB (  2%) free+waste,   280.00 KB ( <1%) overhead. 

Virtual space:
  Non-class space:       50.00 MB reserved,      48.42 MB ( 97%) committed 
      Class space:        1.00 GB reserved,       7.86 MB ( <1%) committed 
             Both:        1.05 GB reserved,      56.28 MB (  5%) committed 

Chunk freelists:
   Non-Class:  5.88 KB
       Class:  1.50 KB
        Both:  7.38 KB

CodeHeap 'non-profiled nmethods': size=120032Kb used=3772Kb max_used=3772Kb free=116259Kb
 bounds [0x000000011a895000, 0x000000011ac55000, 0x0000000121dcd000]
CodeHeap 'profiled nmethods': size=120028Kb used=14230Kb max_used=14230Kb free=105797Kb
 bounds [0x000000011335e000, 0x000000011415e000, 0x000000011a895000]
CodeHeap 'non-nmethods': size=5700Kb used=1490Kb max_used=1552Kb free=4209Kb
 bounds [0x0000000112dcd000, 0x000000011303d000, 0x000000011335e000]
 total_blobs=10114 nmethods=7086 adapters=898
 compilation: enabled
              stopped_count=0, restarted_count=0
 full_count=0

Compilation events (10 events):
Event: 39.811 Thread 0x00007fe7ec0c8800 nmethod 7929 0x000000011414d210 code [0x000000011414d3c0, 0x000000011414d7b0]
Event: 39.811 Thread 0x00007fe7ec0c8800 7932       3       jdk.xml.internal.SecuritySupport::getSystemProperty (13 bytes)
Event: 39.812 Thread 0x00007fe7ec0c8800 nmethod 7932 0x000000011414d890 code [0x000000011414dae0, 0x000000011414e2f8]
Event: 39.812 Thread 0x00007fe7ec0c8800 7934       3       com.sun.org.apache.xerces.internal.parsers.XIncludeAwareParserConfiguration::getFeatureState (40 bytes)
Event: 39.812 Thread 0x00007fe7ec0c8800 nmethod 7934 0x000000011414e610 code [0x000000011414e840, 0x000000011414ef88]
Event: 39.812 Thread 0x00007fe7ec0c8800 7935       3       com.sun.org.apache.xerces.internal.util.FeatureState::<init> (15 bytes)
Event: 39.813 Thread 0x00007fe7ec0c8800 nmethod 7935 0x000000011414f190 code [0x000000011414f340, 0x000000011414f570]
Event: 39.813 Thread 0x00007fe7ec0c8800 7937       3       org.dom4j.tree.NamespaceStack::getAttributeQName (146 bytes)
Event: 39.814 Thread 0x00007fe7ec0c8800 nmethod 7937 0x000000011414f610 code [0x000000011414f960, 0x0000000114150cb8]
Event: 39.814 Thread 0x00007fe7ec0c8800 7946       3       com.sun.org.apache.xerces.internal.impl.XMLScanner::scanAttributeValue (991 bytes)

GC Heap History (10 events):
Event: 2.427 GC heap after
{Heap after GC invocations=4 (full 0):
 garbage-first heap   total 58368K, used 17416K [0x0000000700000000, 0x0000000800000000)
  region size 1024K, 3 young (3072K), 3 survivors (3072K)
 Metaspace       used 27174K, capacity 27831K, committed 28208K, reserved 1073152K
  class space    used 3842K, capacity 4109K, committed 4224K, reserved 1048576K
}
Event: 2.719 GC heap before
{Heap before GC invocations=4 (full 0):
 garbage-first heap   total 58368K, used 38920K [0x0000000700000000, 0x0000000800000000)
  region size 1024K, 25 young (25600K), 3 survivors (3072K)
 Metaspace       used 31989K, capacity 32648K, committed 33200K, reserved 1077248K
  class space    used 4512K, capacity 4773K, committed 4864K, reserved 1048576K
}
Event: 2.722 GC heap after
{Heap after GC invocations=5 (full 0):
 garbage-first heap   total 58368K, used 18054K [0x0000000700000000, 0x0000000800000000)
  region size 1024K, 3 young (3072K), 3 survivors (3072K)
 Metaspace       used 31989K, capacity 32648K, committed 33200K, reserved 1077248K
  class space    used 4512K, capacity 4773K, committed 4864K, reserved 1048576K
}
Event: 3.011 GC heap before
{Heap before GC invocations=5 (full 0):
 garbage-first heap   total 58368K, used 35462K [0x0000000700000000, 0x0000000800000000)
  region size 1024K, 22 young (22528K), 3 survivors (3072K)
 Metaspace       used 34967K, capacity 35663K, committed 35888K, reserved 1079296K
  class space    used 4955K, capacity 5240K, committed 5248K, reserved 1048576K
}
Event: 3.016 GC heap after
{Heap after GC invocations=6 (full 0):
 garbage-first heap   total 58368K, used 18571K [0x0000000700000000, 0x0000000800000000)
  region size 1024K, 2 young (2048K), 2 survivors (2048K)
 Metaspace       used 34967K, capacity 35663K, committed 35888K, reserved 1079296K
  class space    used 4955K, capacity 5240K, committed 5248K, reserved 1048576K
}
Event: 3.447 GC heap before
{Heap before GC invocations=7 (full 0):
 garbage-first heap   total 58368K, used 42123K [0x0000000700000000, 0x0000000800000000)
  region size 1024K, 25 young (25600K), 2 survivors (2048K)
 Metaspace       used 40098K, capacity 41098K, committed 41372K, reserved 1085440K
  class space    used 5651K, capacity 6037K, committed 6124K, reserved 1048576K
}
Event: 3.451 GC heap after
{Heap after GC invocations=8 (full 0):
 garbage-first heap   total 160768K, used 19617K [0x0000000700000000, 0x0000000800000000)
  region size 1024K, 3 young (3072K), 3 survivors (3072K)
 Metaspace       used 40098K, capacity 41098K, committed 41372K, reserved 1085440K
  class space    used 5651K, capacity 6037K, committed 6124K, reserved 1048576K
}
Event: 10.606 GC heap before
{Heap before GC invocations=8 (full 0):
 garbage-first heap   total 160768K, used 96417K [0x0000000700000000, 0x0000000800000000)
  region size 1024K, 79 young (80896K), 3 survivors (3072K)
 Metaspace       used 54060K, capacity 55437K, committed 55836K, reserved 1097728K
  class space    used 7208K, capacity 7761K, committed 7788K, reserved 1048576K
}
Event: 10.616 GC heap after
{Heap after GC invocations=9 (full 0):
 garbage-first heap   total 160768K, used 27572K [0x0000000700000000, 0x0000000800000000)
  region size 1024K, 10 young (10240K), 10 survivors (10240K)
 Metaspace       used 54060K, capacity 55437K, committed 55836K, reserved 1097728K
  class space    used 7208K, capacity 7761K, committed 7788K, reserved 1048576K
}
Event: 39.816 GC heap before
{Heap before GC invocations=9 (full 0):
 garbage-first heap   total 160768K, used 103348K [0x0000000700000000, 0x0000000800000000)
  region size 1024K, 85 young (87040K), 10 survivors (10240K)
 Metaspace       used 55938K, capacity 57453K, committed 57628K, reserved 1099776K
  class space    used 7384K, capacity 8012K, committed 8044K, reserved 1048576K
}

Deoptimization events (10 events):
Event: 32.681 Thread 0x00007fe7ed9d4800 Uncommon trap: reason=unstable_if action=reinterpret pc=0x000000011ab66344 method=javafx.css.SimpleSelector.applies(Ljavafx/css/Styleable;)Z @ 7 c2
Event: 32.686 Thread 0x00007fe7ed9d4800 Uncommon trap: reason=unstable_if action=reinterpret pc=0x000000011a909300 method=java.net.URL.<init>(Ljava/net/URL;Ljava/lang/String;Ljava/net/URLStreamHandler;)V @ 347 c2
Event: 32.713 Thread 0x00007fe7ed9d4800 Uncommon trap: reason=unstable_if action=reinterpret pc=0x000000011aa83c40 method=com.sun.javafx.css.StyleManager.getStyleMap(Ljavafx/css/Styleable;Ljavafx/scene/SubScene;I)Lcom/sun/javafx/css/StyleMap; @ 2 c2
Event: 32.726 Thread 0x00007fe7ed9d4800 Uncommon trap: reason=unstable_if action=reinterpret pc=0x000000011aa9d384 method=javafx.beans.property.ObjectPropertyBase.isBound()Z @ 4 c2
Event: 32.731 Thread 0x00007fe7ed9d4800 Uncommon trap: reason=unstable_if action=reinterpret pc=0x000000011a968e40 method=com.sun.javafx.event.EventDispatchChainImpl.ensureCapacity(I)V @ 28 c2
Event: 33.550 Thread 0x00007fe7ed9d4800 Uncommon trap: reason=unstable_if action=reinterpret pc=0x000000011ab95528 method=com.sun.javafx.event.EventDispatchChainImpl.ensureCapacity(I)V @ 28 c2
Event: 39.624 Thread 0x00007fe7ecbe0800 Uncommon trap: reason=class_check action=maybe_recompile pc=0x000000011aa57aa0 method=java.util.regex.Pattern$BranchConn.match(Ljava/util/regex/Matcher;ILjava/lang/CharSequence;)Z @ 7 c2
Event: 39.624 Thread 0x00007fe7ecbe0800 Uncommon trap: reason=class_check action=maybe_recompile pc=0x000000011aa57aa0 method=java.util.regex.Pattern$BranchConn.match(Ljava/util/regex/Matcher;ILjava/lang/CharSequence;)Z @ 7 c2
Event: 39.625 Thread 0x00007fe7ecbe0800 Uncommon trap: reason=class_check action=maybe_recompile pc=0x000000011aa57aa0 method=java.util.regex.Pattern$BranchConn.match(Ljava/util/regex/Matcher;ILjava/lang/CharSequence;)Z @ 7 c2
Event: 39.625 Thread 0x00007fe7ecbe0800 Uncommon trap: reason=class_check action=maybe_recompile pc=0x000000011aa57aa0 method=java.util.regex.Pattern$BranchConn.match(Ljava/util/regex/Matcher;ILjava/lang/CharSequence;)Z @ 7 c2

Classes redefined (0 events):
No events

Internal exceptions (10 events):
Event: 8.926 Thread 0x00007fe7ecbe0800 Exception <a 'java/lang/NoSuchMethodError'{0x000000070685f780}: java.lang.invoke.DirectMethodHandle$Holder.invokeStaticInit(Ljava/lang/Object;Ljava/lang/Object;Ljava/lang/Object;Ljava/lang/Object;)I> (0x000000070685f780) thrown at [/scratch/mesos/slaves/0
Event: 8.926 Thread 0x00007fe7ecbe0800 Exception <a 'java/lang/IncompatibleClassChangeError'{0x0000000706867f08}: Found class java.lang.Object, but interface was expected> (0x0000000706867f08) thrown at [/scratch/mesos/slaves/07fc96ef-bf4d-487f-b22f-a84e49f5f44a-S133114/frameworks/1735e8a2-a1d
Event: 9.432 Thread 0x00007fe7ecbe0800 Exception <a 'java/lang/ClassNotFoundException'{0x0000000705be5f18}: com/sun/org/apache/xerces/internal/impl/msg/spi/SAXMessagesProvider> (0x0000000705be5f18) thrown at [/scratch/mesos/slaves/07fc96ef-bf4d-487f-b22f-a84e49f5f44a-S133114/frameworks/1735e8a
Event: 11.368 Thread 0x00007fe7ecbe0800 Implicit null exception at 0x000000011a921c38 to 0x000000011a922d1a
Event: 19.724 Thread 0x00007fe7ed9d4800 Exception <a 'java/lang/StackOverflowError'{0x0000000707283a40}> (0x0000000707283a40) thrown at [/scratch/mesos/slaves/07fc96ef-bf4d-487f-b22f-a84e49f5f44a-S133114/frameworks/1735e8a2-a1db-478c-8104-60c8b0af87dd-0196/executors/2a6e3cf3-77d0-49b8-bc84-3de1
Event: 19.724 Thread 0x00007fe7ed9d4800 Exception <a 'java/lang/Class'{0x00000007bfe2ae28} = 'java/lang/String'> (0x000000070457fd18) thrown at [/scratch/mesos/slaves/07fc96ef-bf4d-487f-b22f-a84e49f5f44a-S133114/frameworks/1735e8a2-a1db-478c-8104-60c8b0af87dd-0196/executors/2a6e3cf3-77d0-49b8-b
Event: 35.161 Thread 0x00007fe7ed9d4800 Exception <a 'java/lang/StackOverflowError'{0x00000007058b1748}> (0x00000007058b1748) thrown at [/scratch/mesos/slaves/07fc96ef-bf4d-487f-b22f-a84e49f5f44a-S133114/frameworks/1735e8a2-a1db-478c-8104-60c8b0af87dd-0196/executors/2a6e3cf3-77d0-49b8-bc84-3de1
Event: 35.161 Thread 0x00007fe7ed9d4800 Exception <a 'java/lang/StackOverflowError'{0x00000007058b1770}> (0x00000007058b1770) thrown at [/scratch/mesos/slaves/07fc96ef-bf4d-487f-b22f-a84e49f5f44a-S133114/frameworks/1735e8a2-a1db-478c-8104-60c8b0af87dd-0196/executors/2a6e3cf3-77d0-49b8-bc84-3de1
Event: 35.161 Thread 0x00007fe7ed9d4800 Exception <a 'java/lang/StackOverflowError'{0x00000007058b1798}> (0x00000007058b1798) thrown at [/scratch/mesos/slaves/07fc96ef-bf4d-487f-b22f-a84e49f5f44a-S133114/frameworks/1735e8a2-a1db-478c-8104-60c8b0af87dd-0196/executors/2a6e3cf3-77d0-49b8-bc84-3de1
Event: 35.161 Thread 0x00007fe7ed9d4800 Exception <a 'java/lang/StackOverflowError'{0x00000007058b17c0}> (0x00000007058b17c0) thrown at [/scratch/mesos/slaves/07fc96ef-bf4d-487f-b22f-a84e49f5f44a-S133114/frameworks/1735e8a2-a1db-478c-8104-60c8b0af87dd-0196/executors/2a6e3cf3-77d0-49b8-bc84-3de1

Events (10 events):
Event: 39.775 Thread 0x00007fe7f33c6800 Thread added: 0x00007fe7f33c6800
Event: 39.775 Executing VM operation: RevokeBias
Event: 39.776 Executing VM operation: RevokeBias done
Event: 39.776 Executing VM operation: RevokeBias
Event: 39.776 Executing VM operation: RevokeBias done
Event: 39.776 Executing VM operation: RevokeBias
Event: 39.776 Executing VM operation: RevokeBias done
Event: 39.776 Executing VM operation: RevokeBias
Event: 39.776 Executing VM operation: RevokeBias done
Event: 39.816 Executing VM operation: G1CollectForAllocation


Dynamic libraries:
0x00007fff6ceeb000 	/usr/lib/libz.1.dylib
0x0000000103bcb000 	/Library/Java/JavaVirtualMachines/openjdk-12.0.1.jdk/Contents/Home/lib/libjli.dylib
0x00007fff358e9000 	/System/Library/Frameworks/Cocoa.framework/Versions/A/Cocoa
0x00007fff42e90000 	/System/Library/Frameworks/Security.framework/Versions/A/Security
0x00007fff3488f000 	/System/Library/Frameworks/ApplicationServices.framework/Versions/A/ApplicationServices
0x00007fff6a9f3000 	/usr/lib/libSystem.B.dylib
0x00007fff6d962000 	/usr/lib/system/libcache.dylib
0x00007fff6d968000 	/usr/lib/system/libcommonCrypto.dylib
0x00007fff6d974000 	/usr/lib/system/libcompiler_rt.dylib
0x00007fff6d97c000 	/usr/lib/system/libcopyfile.dylib
0x00007fff6d986000 	/usr/lib/system/libcorecrypto.dylib
0x00007fff6db34000 	/usr/lib/system/libdispatch.dylib
0x00007fff6db76000 	/usr/lib/system/libdyld.dylib
0x00007fff6dbac000 	/usr/lib/system/libkeymgr.dylib
0x00007fff6dbba000 	/usr/lib/system/liblaunch.dylib
0x00007fff6dbbb000 	/usr/lib/system/libmacho.dylib
0x00007fff6dbc1000 	/usr/lib/system/libquarantine.dylib
0x00007fff6dbc4000 	/usr/lib/system/libremovefile.dylib
0x00007fff6dbc6000 	/usr/lib/system/libsystem_asl.dylib
0x00007fff6dbde000 	/usr/lib/system/libsystem_blocks.dylib
0x00007fff6dbdf000 	/usr/lib/system/libsystem_c.dylib
0x00007fff6dc67000 	/usr/lib/system/libsystem_configuration.dylib
0x00007fff6dc6b000 	/usr/lib/system/libsystem_coreservices.dylib
0x00007fff6dc6f000 	/usr/lib/system/libsystem_darwin.dylib
0x00007fff6dc77000 	/usr/lib/system/libsystem_dnssd.dylib
0x00007fff6dc7f000 	/usr/lib/system/libsystem_featureflags.dylib
0x00007fff6dc81000 	/usr/lib/system/libsystem_info.dylib
0x00007fff6dcfc000 	/usr/lib/system/libsystem_m.dylib
0x00007fff6dd44000 	/usr/lib/system/libsystem_malloc.dylib
0x00007fff6dd6c000 	/usr/lib/system/libsystem_networkextension.dylib
0x00007fff6dd7a000 	/usr/lib/system/libsystem_notify.dylib
0x00007fff6dd99000 	/usr/lib/system/libsystem_sandbox.dylib
0x00007fff6dd9e000 	/usr/lib/system/libsystem_secinit.dylib
0x00007fff6dccf000 	/usr/lib/system/libsystem_kernel.dylib
0x00007fff6dd84000 	/usr/lib/system/libsystem_platform.dylib
0x00007fff6dd8e000 	/usr/lib/system/libsystem_pthread.dylib
0x00007fff6dda1000 	/usr/lib/system/libsystem_symptoms.dylib
0x00007fff6dda9000 	/usr/lib/system/libsystem_trace.dylib
0x00007fff6ddc1000 	/usr/lib/system/libunwind.dylib
0x00007fff6ddc7000 	/usr/lib/system/libxpc.dylib
0x00007fff6c816000 	/usr/lib/libobjc.A.dylib
0x00007fff6ad25000 	/usr/lib/libc++abi.dylib
0x00007fff6acd1000 	/usr/lib/libc++.1.dylib
0x00007fff3684e000 	/System/Library/Frameworks/CoreFoundation.framework/Versions/A/CoreFoundation
0x00007fff38f09000 	/System/Library/Frameworks/Foundation.framework/Versions/C/Foundation
0x00007fff33a93000 	/System/Library/Frameworks/AppKit.framework/Versions/C/AppKit
0x00007fff36368000 	/System/Library/Frameworks/CoreData.framework/Versions/A/CoreData
0x00007fff672a4000 	/System/Library/PrivateFrameworks/UIFoundation.framework/Versions/A/UIFoundation
0x00007fff61b44000 	/System/Library/PrivateFrameworks/RemoteViewServices.framework/Versions/A/RemoteViewServices
0x00007fff69d24000 	/System/Library/PrivateFrameworks/XCTTargetBootstrap.framework/Versions/A/XCTTargetBootstrap
0x00007fff36743000 	/System/Library/Frameworks/CoreDisplay.framework/Versions/A/CoreDisplay
0x00007fff3bc41000 	/System/Library/Frameworks/Metal.framework/Versions/A/Metal
0x00007fff500b1000 	/System/Library/PrivateFrameworks/DesktopServicesPriv.framework/Versions/A/DesktopServicesPriv
0x00007fff6bb0e000 	/usr/lib/liblangid.dylib
0x00007fff4f20d000 	/System/Library/PrivateFrameworks/CoreSVG.framework/Versions/A/CoreSVG
0x00007fff64874000 	/System/Library/PrivateFrameworks/SkyLight.framework/Versions/A/SkyLight
0x00007fff36ccf000 	/System/Library/Frameworks/CoreGraphics.framework/Versions/A/CoreGraphics
0x00007fff32634000 	/System/Library/Frameworks/Accelerate.framework/Versions/A/Accelerate
0x00007fff6cddc000 	/usr/lib/libxml2.2.dylib
0x00007fff5ac7c000 	/System/Library/PrivateFrameworks/IconServices.framework/Versions/A/IconServices
0x00007fff396c7000 	/System/Library/Frameworks/IOSurface.framework/Versions/A/IOSurface
0x00007fff6a52c000 	/usr/lib/libDiagnosticMessagesClient.dylib
0x00007fff4ff2b000 	/System/Library/PrivateFrameworks/DFRFoundation.framework/Versions/A/DFRFoundation
0x00007fff6b89c000 	/usr/lib/libicucore.A.dylib
0x00007fff34bc1000 	/System/Library/Frameworks/AudioToolbox.framework/Versions/A/AudioToolbox
0x00007fff34ca3000 	/System/Library/Frameworks/AudioUnit.framework/Versions/A/AudioUnit
0x00007fff6abf5000 	/usr/lib/libauto.dylib
0x00007fff4ffab000 	/System/Library/PrivateFrameworks/DataDetectorsCore.framework/Versions/A/DataDetectorsCore
0x00007fff3540a000 	/System/Library/Frameworks/Carbon.framework/Versions/A/Frameworks/HIToolbox.framework/Versions/A/HIToolbox
0x00007fff42088000 	/System/Library/Frameworks/QuartzCore.framework/Versions/A/QuartzCore
0x00007fff35749000 	/System/Library/Frameworks/Carbon.framework/Versions/A/Frameworks/SpeechRecognition.framework/Versions/A/SpeechRecognition
0x00007fff4f8ad000 	/System/Library/PrivateFrameworks/CoreUI.framework/Versions/A/CoreUI
0x00007fff35dce000 	/System/Library/Frameworks/CoreAudio.framework/Versions/A/CoreAudio
0x00007fff38bd6000 	/System/Library/Frameworks/DiskArbitration.framework/Versions/A/DiskArbitration
0x00007fff5cd62000 	/System/Library/PrivateFrameworks/MultitouchSupport.framework/Versions/A/MultitouchSupport
0x00007fff6b767000 	/usr/lib/libenergytrace.dylib
0x00007fff39622000 	/System/Library/Frameworks/IOKit.framework/Versions/A/IOKit
0x00007fff37c35000 	/System/Library/Frameworks/CoreServices.framework/Versions/A/CoreServices
0x00007fff5edb7000 	/System/Library/PrivateFrameworks/PerformanceAnalysis.framework/Versions/A/PerformanceAnalysis
0x00007fff410c0000 	/System/Library/Frameworks/OpenGL.framework/Versions/A/OpenGL
0x00007fff358f7000 	/System/Library/Frameworks/ColorSync.framework/Versions/A/ColorSync
0x00007fff37356000 	/System/Library/Frameworks/CoreImage.framework/Versions/A/CoreImage
0x00007fff386a9000 	/System/Library/Frameworks/CoreText.framework/Versions/A/CoreText
0x00007fff3974a000 	/System/Library/Frameworks/ImageIO.framework/Versions/A/ImageIO
0x00007fff6ad4d000 	/usr/lib/libcompression.dylib
0x00007fff6a86d000 	/usr/lib/libMobileGestalt.dylib
0x00007fff66397000 	/System/Library/PrivateFrameworks/TextureIO.framework/Versions/A/TextureIO
0x00007fff6ab5b000 	/usr/lib/libate.dylib
0x00007fff5ae82000 	/System/Library/PrivateFrameworks/InternationalSupport.framework/Versions/A/InternationalSupport
0x00007fff6bb10000 	/usr/lib/liblzma.5.dylib
0x00007fff6b78f000 	/usr/lib/libfakelink.dylib
0x00007fff6aae8000 	/usr/lib/libarchive.2.dylib
0x00007fff440a4000 	/System/Library/Frameworks/SystemConfiguration.framework/Versions/A/SystemConfiguration
0x00007fff6a45d000 	/usr/lib/libCRFSuite.dylib
0x00007fff35019000 	/System/Library/Frameworks/CFNetwork.framework/Versions/A/CFNetwork
0x00007fff6acb3000 	/usr/lib/libbsm.0.dylib
0x00007fff6dbad000 	/usr/lib/system/libkxld.dylib
0x00007fff49aaa000 	/System/Library/PrivateFrameworks/AppleFSCompression.framework/Versions/A/AppleFSCompression
0x00007fff6b026000 	/usr/lib/libcoretls.dylib
0x00007fff6b03d000 	/usr/lib/libcoretls_cfhelpers.dylib
0x00007fff6c85a000 	/usr/lib/libpam.2.dylib
0x00007fff6c989000 	/usr/lib/libsqlite3.dylib
0x00007fff6cdc9000 	/usr/lib/libxar.1.dylib
0x00007fff6acc4000 	/usr/lib/libbz2.1.0.dylib
0x00007fff6b7ab000 	/usr/lib/libiconv.2.dylib
0x00007fff6ad3a000 	/usr/lib/libcharset.1.dylib
0x00007fff6c306000 	/usr/lib/libnetwork.dylib
0x00007fff6c861000 	/usr/lib/libpcap.A.dylib
0x00007fff6aa9d000 	/usr/lib/libapple_nghttp2.dylib
0x00007fff37fec000 	/System/Library/Frameworks/CoreServices.framework/Versions/A/Frameworks/FSEvents.framework/Versions/A/FSEvents
0x00007fff37cbc000 	/System/Library/Frameworks/CoreServices.framework/Versions/A/Frameworks/CarbonCore.framework/Versions/A/CarbonCore
0x00007fff3822e000 	/System/Library/Frameworks/CoreServices.framework/Versions/A/Frameworks/Metadata.framework/Versions/A/Metadata
0x00007fff382c7000 	/System/Library/Frameworks/CoreServices.framework/Versions/A/Frameworks/OSServices.framework/Versions/A/OSServices
0x00007fff382f5000 	/System/Library/Frameworks/CoreServices.framework/Versions/A/Frameworks/SearchKit.framework/Versions/A/SearchKit
0x00007fff37c36000 	/System/Library/Frameworks/CoreServices.framework/Versions/A/Frameworks/AE.framework/Versions/A/AE
0x00007fff37ff5000 	/System/Library/Frameworks/CoreServices.framework/Versions/A/Frameworks/LaunchServices.framework/Versions/A/LaunchServices
0x00007fff37f9e000 	/System/Library/Frameworks/CoreServices.framework/Versions/A/Frameworks/DictionaryServices.framework/Versions/A/DictionaryServices
0x00007fff3835d000 	/System/Library/Frameworks/CoreServices.framework/Versions/A/Frameworks/SharedFileList.framework/Versions/A/SharedFileList
0x00007fff3cf16000 	/System/Library/Frameworks/NetFS.framework/Versions/A/NetFS
0x00007fff5d202000 	/System/Library/PrivateFrameworks/NetAuth.framework/Versions/A/NetAuth
0x00007fff6a0ed000 	/System/Library/PrivateFrameworks/login.framework/Versions/A/Frameworks/loginsupport.framework/Versions/A/loginsupport
0x00007fff65e9d000 	/System/Library/PrivateFrameworks/TCC.framework/Versions/A/TCC
0x00007fff4e5eb000 	/System/Library/PrivateFrameworks/CoreNLP.framework/Versions/A/CoreNLP
0x00007fff5c793000 	/System/Library/PrivateFrameworks/MetadataUtilities.framework/Versions/A/MetadataUtilities
0x00007fff6bbe8000 	/usr/lib/libmecabra.dylib
0x00007fff6bb40000 	/usr/lib/libmecab.dylib
0x00007fff6b7a0000 	/usr/lib/libgermantok.dylib
0x00007fff6aa84000 	/usr/lib/libThaiTokenizer.dylib
0x00007fff6a495000 	/usr/lib/libChineseTokenizer.dylib
0x00007fff3264c000 	/System/Library/Frameworks/Accelerate.framework/Versions/A/Frameworks/vImage.framework/Versions/A/vImage
0x00007fff338ee000 	/System/Library/Frameworks/Accelerate.framework/Versions/A/Frameworks/vecLib.framework/Versions/A/vecLib
0x00007fff33832000 	/System/Library/Frameworks/Accelerate.framework/Versions/A/Frameworks/vecLib.framework/Versions/A/libvMisc.dylib
0x00007fff33658000 	/System/Library/Frameworks/Accelerate.framework/Versions/A/Frameworks/vecLib.framework/Versions/A/libvDSP.dylib
0x00007fff32cb8000 	/System/Library/Frameworks/Accelerate.framework/Versions/A/Frameworks/vecLib.framework/Versions/A/libBLAS.dylib
0x00007fff33212000 	/System/Library/Frameworks/Accelerate.framework/Versions/A/Frameworks/vecLib.framework/Versions/A/libLAPACK.dylib
0x00007fff335b8000 	/System/Library/Frameworks/Accelerate.framework/Versions/A/Frameworks/vecLib.framework/Versions/A/libLinearAlgebra.dylib
0x00007fff33645000 	/System/Library/Frameworks/Accelerate.framework/Versions/A/Frameworks/vecLib.framework/Versions/A/libSparseBLAS.dylib
0x00007fff335ce000 	/System/Library/Frameworks/Accelerate.framework/Versions/A/Frameworks/vecLib.framework/Versions/A/libQuadrature.dylib
0x00007fff32f21000 	/System/Library/Frameworks/Accelerate.framework/Versions/A/Frameworks/vecLib.framework/Versions/A/libBNNS.dylib
0x00007fff335d4000 	/System/Library/Frameworks/Accelerate.framework/Versions/A/Frameworks/vecLib.framework/Versions/A/libSparse.dylib
0x00007fff5b241000 	/System/Library/PrivateFrameworks/LanguageModeling.framework/Versions/A/LanguageModeling
0x00007fff4df8f000 	/System/Library/PrivateFrameworks/CoreEmoji.framework/Versions/A/CoreEmoji
0x00007fff5b35e000 	/System/Library/PrivateFrameworks/LinguisticData.framework/Versions/A/LinguisticData
0x00007fff5b30f000 	/System/Library/PrivateFrameworks/Lexicon.framework/Versions/A/Lexicon
0x00007fff6ad3b000 	/usr/lib/libcmph.dylib
0x00007fff3fae6000 	/System/Library/Frameworks/OpenDirectory.framework/Versions/A/Frameworks/CFOpenDirectory.framework/Versions/A/CFOpenDirectory
0x00007fff3fb03000 	/System/Library/Frameworks/OpenDirectory.framework/Versions/A/OpenDirectory
0x00007fff47e62000 	/System/Library/PrivateFrameworks/APFS.framework/Versions/A/APFS
0x00007fff431d5000 	/System/Library/Frameworks/SecurityFoundation.framework/Versions/A/SecurityFoundation
0x00007fff6cdc5000 	/usr/lib/libutil.dylib
0x00007fff4f265000 	/System/Library/PrivateFrameworks/CoreServicesStore.framework/Versions/A/CoreServicesStore
0x00007fff432b6000 	/System/Library/Frameworks/ServiceManagement.framework/Versions/A/ServiceManagement
0x00007fff4b245000 	/System/Library/PrivateFrameworks/BackgroundTaskManagement.framework/Versions/A/BackgroundTaskManagement
0x00007fff6cec2000 	/usr/lib/libxslt.1.dylib
0x00007fff4a108000 	/System/Library/PrivateFrameworks/AppleSystemInfo.framework/Versions/A/AppleSystemInfo
0x00007fff39965000 	/System/Library/Frameworks/ImageIO.framework/Versions/A/Resources/libJPEG.dylib
0x00007fff39c24000 	/System/Library/Frameworks/ImageIO.framework/Versions/A/Resources/libTIFF.dylib
0x00007fff39c07000 	/System/Library/Frameworks/ImageIO.framework/Versions/A/Resources/libPng.dylib
0x00007fff398a6000 	/System/Library/Frameworks/ImageIO.framework/Versions/A/Resources/libGIF.dylib
0x00007fff398aa000 	/System/Library/Frameworks/ImageIO.framework/Versions/A/Resources/libJP2.dylib
0x00007fff39c22000 	/System/Library/Frameworks/ImageIO.framework/Versions/A/Resources/libRadiance.dylib
0x00007fff6b768000 	/usr/lib/libexpat.1.dylib
0x00007fff49c05000 	/System/Library/PrivateFrameworks/AppleJPEG.framework/Versions/A/AppleJPEG
0x00007fff5247d000 	/System/Library/PrivateFrameworks/FontServices.framework/libFontParser.dylib
0x00007fff69148000 	/System/Library/PrivateFrameworks/WatchdogClient.framework/Versions/A/WatchdogClient
0x00007fff5a8d4000 	/System/Library/PrivateFrameworks/IOAccelerator.framework/Versions/A/IOAccelerator
0x00007fff3bfcf000 	/System/Library/Frameworks/MetalPerformanceShaders.framework/Versions/A/MetalPerformanceShaders
0x00007fff571ca000 	/System/Library/PrivateFrameworks/GPUWrangler.framework/Versions/A/GPUWrangler
0x00007fff5a8df000 	/System/Library/PrivateFrameworks/IOPresentment.framework/Versions/A/IOPresentment
0x00007fff4ff3d000 	/System/Library/PrivateFrameworks/DSExternalDisplay.framework/Versions/A/DSExternalDisplay
0x00007fff4046c000 	/System/Library/Frameworks/OpenGL.framework/Versions/A/Libraries/libCoreFSCache.dylib
0x00007fff3bd20000 	/System/Library/Frameworks/MetalPerformanceShaders.framework/Frameworks/MPSCore.framework/Versions/A/MPSCore
0x00007fff3bd5d000 	/System/Library/Frameworks/MetalPerformanceShaders.framework/Frameworks/MPSImage.framework/Versions/A/MPSImage
0x00007fff3be20000 	/System/Library/Frameworks/MetalPerformanceShaders.framework/Frameworks/MPSNeuralNetwork.framework/Versions/A/MPSNeuralNetwork
0x00007fff3bde4000 	/System/Library/Frameworks/MetalPerformanceShaders.framework/Frameworks/MPSMatrix.framework/Versions/A/MPSMatrix
0x00007fff3bf80000 	/System/Library/Frameworks/MetalPerformanceShaders.framework/Frameworks/MPSRayIntersector.framework/Versions/A/MPSRayIntersector
0x00007fff3be0a000 	/System/Library/Frameworks/MetalPerformanceShaders.framework/Frameworks/MPSNDArray.framework/Versions/A/MPSNDArray
0x00007fff5c7e0000 	/System/Library/PrivateFrameworks/MetalTools.framework/Versions/A/MetalTools
0x00007fff48f41000 	/System/Library/PrivateFrameworks/AggregateDictionary.framework/Versions/A/AggregateDictionary
0x00007fff4da26000 	/System/Library/PrivateFrameworks/CoreAnalytics.framework/Versions/A/CoreAnalytics
0x00007fff4a026000 	/System/Library/PrivateFrameworks/AppleSauce.framework/Versions/A/AppleSauce
0x00007fff6a750000 	/usr/lib/libIOReport.dylib
0x00007fff3885e000 	/System/Library/Frameworks/CoreVideo.framework/Versions/A/CoreVideo
0x00007fff585b7000 	/System/Library/PrivateFrameworks/GraphVisualizer.framework/Versions/A/GraphVisualizer
0x00007fff519ff000 	/System/Library/PrivateFrameworks/FaceCore.framework/Versions/A/FaceCore
0x00007fff3fa8d000 	/System/Library/Frameworks/OpenCL.framework/Versions/A/OpenCL
0x00007fff6a572000 	/usr/lib/libFosl_dynamic.dylib
0x00007fff5dbf8000 	/System/Library/PrivateFrameworks/OTSVG.framework/Versions/A/OTSVG
0x00007fff34994000 	/System/Library/Frameworks/ApplicationServices.framework/Versions/A/Frameworks/ATS.framework/Versions/A/Resources/libFontRegistry.dylib
0x00007fff5264e000 	/System/Library/PrivateFrameworks/FontServices.framework/libhvf.dylib
0x00007fff40477000 	/System/Library/Frameworks/OpenGL.framework/Versions/A/Libraries/libGFXShared.dylib
0x00007fff40654000 	/System/Library/Frameworks/OpenGL.framework/Versions/A/Libraries/libGLU.dylib
0x00007fff40480000 	/System/Library/Frameworks/OpenGL.framework/Versions/A/Libraries/libGL.dylib
0x00007fff4048b000 	/System/Library/Frameworks/OpenGL.framework/Versions/A/Libraries/libGLImage.dylib
0x00007fff40469000 	/System/Library/Frameworks/OpenGL.framework/Versions/A/Libraries/libCVMSPluginSupport.dylib
0x00007fff40472000 	/System/Library/Frameworks/OpenGL.framework/Versions/A/Libraries/libCoreVMClient.dylib
0x00007fff6c1a8000 	/usr/lib/libncurses.5.4.dylib
0x00007fff34890000 	/System/Library/Frameworks/ApplicationServices.framework/Versions/A/Frameworks/ATS.framework/Versions/A/ATS
0x00007fff34a5d000 	/System/Library/Frameworks/ApplicationServices.framework/Versions/A/Frameworks/ColorSyncLegacy.framework/Versions/A/ColorSyncLegacy
0x00007fff34afc000 	/System/Library/Frameworks/ApplicationServices.framework/Versions/A/Frameworks/HIServices.framework/Versions/A/HIServices
0x00007fff34b53000 	/System/Library/Frameworks/ApplicationServices.framework/Versions/A/Frameworks/LangAnalysis.framework/Versions/A/LangAnalysis
0x00007fff34b62000 	/System/Library/Frameworks/ApplicationServices.framework/Versions/A/Frameworks/PrintCore.framework/Versions/A/PrintCore
0x00007fff34ba8000 	/System/Library/Frameworks/ApplicationServices.framework/Versions/A/Frameworks/QD.framework/Versions/A/QD
0x00007fff34bb3000 	/System/Library/Frameworks/ApplicationServices.framework/Versions/A/Frameworks/SpeechSynthesis.framework/Versions/A/SpeechSynthesis
0x00007fff34a2d000 	/System/Library/Frameworks/ApplicationServices.framework/Versions/A/Frameworks/ATSUI.framework/Versions/A/ATSUI
0x00007fff6b5fc000 	/usr/lib/libcups.2.dylib
0x00007fff3b088000 	/System/Library/Frameworks/Kerberos.framework/Versions/A/Kerberos
0x00007fff3933d000 	/System/Library/Frameworks/GSS.framework/Versions/A/GSS
0x00007fff6c916000 	/usr/lib/libresolv.9.dylib
0x00007fff58758000 	/System/Library/PrivateFrameworks/Heimdal.framework/Versions/A/Heimdal
0x00007fff3b09b000 	/System/Library/Frameworks/Kerberos.framework/Versions/A/Libraries/libHeimdalProxy.dylib
0x00007fff6b7a6000 	/usr/lib/libheimdal-asn1.dylib
0x00007fff4ceec000 	/System/Library/PrivateFrameworks/CommonAuth.framework/Versions/A/CommonAuth
0x00007fff4a1a5000 	/System/Library/PrivateFrameworks/AssertionServices.framework/Versions/A/AssertionServices
0x00007fff4ad3b000 	/System/Library/PrivateFrameworks/AudioToolboxCore.framework/Versions/A/AudioToolboxCore
0x00007fff69da0000 	/System/Library/PrivateFrameworks/caulk.framework/Versions/A/caulk
0x00007fff4b2f1000 	/System/Library/PrivateFrameworks/BaseBoard.framework/Versions/A/BaseBoard
0x00007fff61cd0000 	/System/Library/PrivateFrameworks/RunningBoardServices.framework/Versions/A/RunningBoardServices
0x00007fff5edc3000 	/System/Library/PrivateFrameworks/PersistentConnection.framework/Versions/A/PersistentConnection
0x00007fff616dd000 	/System/Library/PrivateFrameworks/ProtocolBuffer.framework/Versions/A/ProtocolBuffer
0x00007fff4cf09000 	/System/Library/PrivateFrameworks/CommonUtilities.framework/Versions/A/CommonUtilities
0x00007fff4b470000 	/System/Library/PrivateFrameworks/Bom.framework/Versions/A/Bom
0x00007fff6a421000 	/usr/lib/libAudioToolboxUtility.dylib
0x00007fff4b24f000 	/System/Library/PrivateFrameworks/Backup.framework/Versions/A/Backup
0x00007fff4fcac000 	/System/Library/PrivateFrameworks/CrashReporterSupport.framework/Versions/A/CrashReporterSupport
0x00007fff63759000 	/System/Library/PrivateFrameworks/Sharing.framework/Versions/A/Sharing
0x00007fff49952000 	/System/Library/PrivateFrameworks/Apple80211.framework/Versions/A/Apple80211
0x00007fff4af77000 	/System/Library/PrivateFrameworks/AuthKit.framework/Versions/A/AuthKit
0x00007fff4f9da000 	/System/Library/PrivateFrameworks/CoreUtils.framework/Versions/A/CoreUtils
0x00007fff388a3000 	/System/Library/Frameworks/CoreWLAN.framework/Versions/A/CoreWLAN
0x00007fff394a6000 	/System/Library/Frameworks/IOBluetooth.framework/Versions/A/IOBluetooth
0x00007fff5cade000 	/System/Library/PrivateFrameworks/MobileKeyBag.framework/Versions/A/MobileKeyBag
0x00007fff4eabb000 	/System/Library/PrivateFrameworks/CorePhoneNumbers.framework/Versions/A/CorePhoneNumbers
0x00007fff49bb8000 	/System/Library/PrivateFrameworks/AppleIDAuthSupport.framework/Versions/A/AppleIDAuthSupport
0x00007fff3cf23000 	/System/Library/Frameworks/Network.framework/Versions/A/Network
0x00007fff5b0ca000 	/System/Library/PrivateFrameworks/KeychainCircle.framework/Versions/A/KeychainCircle
0x00007fff36330000 	/System/Library/Frameworks/CoreBluetooth.framework/Versions/A/CoreBluetooth
0x00007fff653b3000 	/System/Library/PrivateFrameworks/SpeechRecognitionCore.framework/Versions/A/SpeechRecognitionCore
0x0000000104c00000 	/Library/Java/JavaVirtualMachines/openjdk-12.0.1.jdk/Contents/Home/lib/server/libjvm.dylib
0x0000000103bef000 	/Library/Java/JavaVirtualMachines/openjdk-12.0.1.jdk/Contents/Home/lib/libverify.dylib
0x000000010595e000 	/Library/Java/JavaVirtualMachines/openjdk-12.0.1.jdk/Contents/Home/lib/libjava.dylib
0x00000001059e0000 	/Library/Java/JavaVirtualMachines/openjdk-12.0.1.jdk/Contents/Home/lib/libzip.dylib
0x00000001059e8000 	/Library/Java/JavaVirtualMachines/openjdk-12.0.1.jdk/Contents/Home/lib/libjimage.dylib
0x0000000112a5b000 	/Library/Java/JavaVirtualMachines/openjdk-12.0.1.jdk/Contents/Home/lib/libnio.dylib
0x0000000112a69000 	/Library/Java/JavaVirtualMachines/openjdk-12.0.1.jdk/Contents/Home/lib/libnet.dylib
0x0000000112b36000 	/Users/perdian/.openjfx/cache/12/libprism_es2.dylib
0x00007fff4f231000 	/System/Library/PrivateFrameworks/CoreServicesInternal.framework/Versions/A/CoreServicesInternal
0x00007fff410d0000 	/System/Library/Frameworks/OpenGL.framework/Versions/A/Resources/GLEngine.bundle/GLEngine
0x00007fff404c1000 	/System/Library/Frameworks/OpenGL.framework/Versions/A/Libraries/libGLProgrammability.dylib
0x00007fff2f9b2000 	/System/Library/Extensions/AppleIntelSKLGraphicsGLDriver.bundle/Contents/MacOS/AppleIntelSKLGraphicsGLDriver
0x00007fff571be000 	/System/Library/PrivateFrameworks/GPUSupport.framework/Versions/A/Libraries/libGPUSupportMercury.dylib
0x000000012c378000 	/System/Library/Extensions/AMDRadeonX4000GLDriver.bundle/Contents/MacOS/AMDRadeonX4000GLDriver
0x00007fff2a192000 	/System/Library/Extensions/AMDRadeonX4000GLDriver.bundle/Contents/MacOS/ATIRadeonX4000SCLib.dylib
0x00007fff4124a000 	/System/Library/Frameworks/OpenGL.framework/Versions/A/Resources/GLRendererFloat.bundle/GLRendererFloat
0x00007fff3fa84000 	/System/Library/Frameworks/OpenCL.framework/Versions/A/Libraries/libcldcpuengine.dylib
0x00007fff6b1e1000 	/usr/lib/libcrypto.35.dylib
0x00007fff665cc000 	/System/Library/PrivateFrameworks/TrustEvaluationAgent.framework/Versions/A/TrustEvaluationAgent
0x000000012c494000 	/Users/perdian/.openjfx/cache/12/libglass.dylib
0x00007fff38dcf000 	/System/Library/Frameworks/FileProvider.framework/Versions/A/FileProvider
0x00007fff338ef000 	/System/Library/Frameworks/Accounts.framework/Versions/A/Accounts
0x00007fff574ea000 	/System/Library/PrivateFrameworks/GenerationalStorage.framework/Versions/A/GenerationalStorage
0x00007fff4f78e000 	/System/Library/PrivateFrameworks/CoreSymbolication.framework/Versions/A/CoreSymbolication
0x00007fff65be0000 	/System/Library/PrivateFrameworks/SymptomDiagnosticReporter.framework/Versions/A/SymptomDiagnosticReporter
0x00007fff4944f000 	/System/Library/PrivateFrameworks/AppContainer.framework/Versions/A/AppContainer
0x00007fff6c930000 	/usr/lib/libsandbox.1.dylib
0x00007fff680ec000 	/System/Library/PrivateFrameworks/UserManagement.framework/Versions/A/UserManagement
0x00007fff4c017000 	/System/Library/PrivateFrameworks/ChunkingLibrary.framework/Versions/A/ChunkingLibrary
0x00007fff50072000 	/System/Library/PrivateFrameworks/DebugSymbols.framework/Versions/A/DebugSymbols
0x00007fff494c0000 	/System/Library/PrivateFrameworks/AppSandbox.framework/Versions/A/AppSandbox
0x00007fff6360e000 	/System/Library/PrivateFrameworks/SecCodeWrapper.framework/Versions/A/SecCodeWrapper
0x00007fff6a836000 	/usr/lib/libMatch.1.dylib
0x00007fff29e24000 	/System/Library/CoreServices/RawCamera.bundle/Contents/MacOS/RawCamera
0x00007fff5c908000 	/System/Library/PrivateFrameworks/MobileAsset.framework/Versions/A/MobileAsset
0x00007fff65a8e000 	/System/Library/PrivateFrameworks/StreamingZip.framework/Versions/A/StreamingZip
0x00007fff3b4ff000 	/System/Library/Frameworks/MediaToolbox.framework/Versions/A/MediaToolbox
0x00007fff4d9d6000 	/System/Library/PrivateFrameworks/CoreAVCHD.framework/Versions/A/CoreAVCHD
0x00007fff3b42c000 	/System/Library/Frameworks/MediaAccessibility.framework/Versions/A/MediaAccessibility
0x00007fff5bcfc000 	/System/Library/PrivateFrameworks/Mangrove.framework/Versions/A/Mangrove
0x00007fff37a71000 	/System/Library/Frameworks/CoreMedia.framework/Versions/A/CoreMedia
0x00007fff5bf57000 	/System/Library/PrivateFrameworks/MediaExperience.framework/Versions/A/MediaExperience
0x00007fff4438a000 	/System/Library/Frameworks/VideoToolbox.framework/Versions/A/VideoToolbox
0x00007fff4d600000 	/System/Library/PrivateFrameworks/CoreAUC.framework/Versions/A/CoreAUC
0x00007fff6c987000 	/usr/lib/libspindump.dylib
0x00007fff4a6e6000 	/System/Library/PrivateFrameworks/AudioResourceArbitration.framework/Versions/A/AudioResourceArbitration
0x00007fff4a10c000 	/System/Library/PrivateFrameworks/AppleVA.framework/Versions/A/AppleVA
0x00007fff32635000 	/System/Library/Frameworks/Accelerate.framework/Versions/A/Frameworks/vImage.framework/Versions/A/Libraries/libCGInterfaces.dylib
0x0000000112c59000 	/usr/lib/libobjc-trampolines.dylib
0x00007fff68eba000 	/System/Library/PrivateFrameworks/ViewBridge.framework/Versions/A/ViewBridge
0x00007fff6a0f0000 	/System/Library/PrivateFrameworks/login.framework/Versions/A/login
0x00007fff486c7000 	/System/Library/PrivateFrameworks/AccessibilityBundles.framework/Versions/A/AccessibilityBundles
0x000000012c334000 	/Users/perdian/.openjfx/cache/12/libjavafx_font.dylib
0x00007fff525b5000 	/System/Library/PrivateFrameworks/FontServices.framework/libTrueTypeScaler.dylib
0x00007fff2a076000 	/System/Library/Extensions/AMDMTLBronzeDriver.bundle/Contents/MacOS/AMDMTLBronzeDriver
0x00007fff5a8ca000 	/System/Library/PrivateFrameworks/IOAccelMemoryInfo.framework/Versions/A/IOAccelMemoryInfo
0x00007fff307dc000 	/System/Library/Extensions/AppleIntelSKLGraphicsMTLDriver.bundle/Contents/MacOS/AppleIntelSKLGraphicsMTLDriver
0x00007fff55b22000 	/System/Library/PrivateFrameworks/GPUCompiler.framework/Versions/3902/Libraries/libmetal_timestamp.dylib
0x0000000131478000 	/Library/Java/JavaVirtualMachines/openjdk-12.0.1.jdk/Contents/Home/lib/libsunec.dylib
0x000000012c521000 	/Library/Java/JavaVirtualMachines/openjdk-12.0.1.jdk/Contents/Home/lib/libextnet.dylib
0x00007fff65c5a000 	/System/Library/PrivateFrameworks/SystemAdministration.framework/Versions/A/SystemAdministration
0x00007fff50417000 	/System/Library/PrivateFrameworks/DiskManagement.framework/Versions/A/DiskManagement
0x00007fff38afa000 	/System/Library/Frameworks/DirectoryService.framework/Versions/A/DirectoryService
0x00007fff5034e000 	/System/Library/PrivateFrameworks/DiskImages.framework/Versions/A/DiskImages
0x00007fff5b406000 	/System/Library/PrivateFrameworks/LoginUIKit.framework/Versions/A/Frameworks/LoginUICore.framework/Versions/A/LoginUICore
0x00007fff6a4a0000 	/usr/lib/libCoreStorage.dylib
0x00007fff6b5e9000 	/usr/lib/libcsfde.dylib
0x00007fff6c848000 	/usr/lib/libodfde.dylib
0x00007fff5bfe2000 	/System/Library/PrivateFrameworks/MediaKit.framework/Versions/A/MediaKit
0x00007fff38b06000 	/System/Library/Frameworks/DiscRecording.framework/Versions/A/DiscRecording
0x00007fff505c5000 	/System/Library/PrivateFrameworks/EFILogin.framework/Versions/A/EFILogin
0x00007fff61682000 	/System/Library/PrivateFrameworks/ProtectedCloudStorage.framework/Versions/A/ProtectedCloudStorage
0x00007fff6b65d000 	/usr/lib/libcurl.4.dylib
0x00007fff6b4e2000 	/usr/lib/libcrypto.44.dylib
0x00007fff6cc6a000 	/usr/lib/libssl.46.dylib
0x00007fff3b09c000 	/System/Library/Frameworks/LDAP.framework/Versions/A/LDAP
0x00007fff6c974000 	/usr/lib/libsasl2.2.dylib
0x00007fff4dd0d000 	/System/Library/PrivateFrameworks/CoreDaemon.framework/Versions/B/CoreDaemon
0x00007fff4a021000 	/System/Library/PrivateFrameworks/AppleSRP.framework/Versions/A/AppleSRP


VM Arguments:
jvm_args: -Dfile.encoding=UTF-8 
java_command: de.perdian.apps.podcentral.ui.CentralApplicationLauncher
java_class_path (initial): /Users/perdian/Development/workspace/podcentral/podcentral-ui/target/classes:/Users/perdian/Development/workspace/podcentral/podcentral-database/target/classes:/Users/perdian/.m2/repository/org/hibernate/hibernate-core/5.4.7.Final/hibernate-core-5.4.7.Final.jar:/Users/perdian/.m2/repository/org/jboss/logging/jboss-logging/3.3.2.Final/jboss-logging-3.3.2.Final.jar:/Users/perdian/.m2/repository/org/javassist/javassist/3.24.0-GA/javassist-3.24.0-GA.jar:/Users/perdian/.m2/repository/antlr/antlr/2.7.7/antlr-2.7.7.jar:/Users/perdian/.m2/repository/org/jboss/spec/javax/transaction/jboss-transaction-api_1.2_spec/1.1.1.Final/jboss-transaction-api_1.2_spec-1.1.1.Final.jar:/Users/perdian/.m2/repository/org/jboss/jandex/2.0.5.Final/jandex-2.0.5.Final.jar:/Users/perdian/.m2/repository/com/fasterxml/classmate/1.3.4/classmate-1.3.4.jar:/Users/perdian/.m2/repository/javax/activation/javax.activation-api/1.2.0/javax.activation-api-1.2.0.jar:/Users/perdian/.m2/repository/org/hibernate/common/hibernate-commons-annotations/5.1.0.Final/hibernate-commons-annotations-5.1.0.Final.jar:/Users/perdian/.m2/repository/javax/xml/bind/jaxb-api/2.3.1/jaxb-api-2.3.1.jar:/Users/perdian/.m2/repository/org/glassfish/jaxb/jaxb-runtime/2.3.1/jaxb-runtime-2.3.1.jar:/Users/perdian/.m2/repository/org/glassfish/jaxb/txw2/2.3.1/txw2-2.3.1.jar:/Users/perdian/.m2/repository/com/sun/istack/istack-commons-runtime/3.0.7/istack-commons-runtime-3.0.7.jar:/Users/perdian/.m2/repository/org/jvnet/staxex/stax-ex/1.8/stax-ex-1.8.jar:/Users/perdian/.m2/repository/com/sun/xml/fastinfoset/FastInfoset/1.2.15/FastInfoset-1.2.15.jar:/Users/perdian/.m2/repository/com/h2database/h2/1.4.200/h2-1.4.200.jar:/Users/perdian/Development/workspace/podcentral/podcentral-jobscheduler/target/classes:/Users/perdian/Development/workspace/podcentral/podcentral-model/target/classes:/Users/perdian/.m2/repository/org/openjfx/javafx-base/12/javafx-base-12.jar:/Users/perdian/.m2/repository/org/openjfx/javafx-base/12/
Launcher Type: SUN_STANDARD

[Global flags]
     intx CICompilerCount                          = 4                                         {product} {ergonomic}
     uint ConcGCThreads                            = 2                                         {product} {ergonomic}
     uint G1ConcRefinementThreads                  = 8                                         {product} {ergonomic}
   size_t G1HeapRegionSize                         = 1048576                                   {product} {ergonomic}
    uintx GCDrainStackTargetSize                   = 64                                        {product} {ergonomic}
   size_t InitialHeapSize                          = 268435456                                 {product} {ergonomic}
   size_t MarkStackSize                            = 4194304                                   {product} {ergonomic}
   size_t MaxHeapSize                              = 4294967296                                {product} {ergonomic}
   size_t MaxNewSize                               = 2576351232                                {product} {ergonomic}
   size_t MinHeapDeltaBytes                        = 1048576                                   {product} {ergonomic}
    uintx NonNMethodCodeHeapSize                   = 5836300                                {pd product} {ergonomic}
    uintx NonProfiledCodeHeapSize                  = 122910970                              {pd product} {ergonomic}
    uintx ProfiledCodeHeapSize                     = 122910970                              {pd product} {ergonomic}
    uintx ReservedCodeCacheSize                    = 251658240                              {pd product} {ergonomic}
     bool SegmentedCodeCache                       = true                                      {product} {ergonomic}
     bool UseCompressedClassPointers               = true                                 {lp64_product} {ergonomic}
     bool UseCompressedOops                        = true                                 {lp64_product} {ergonomic}
     bool UseG1GC                                  = true                                      {product} {ergonomic}

Logging:
Log output configuration:
 #0: stdout all=warning uptime,level,tags
 #1: stderr all=off uptime,level,tags

Environment Variables:
PATH=/usr/bin:/bin:/usr/sbin:/sbin
SHELL=/bin/zsh

Signal Handlers:
SIGSEGV: [libjvm.dylib+0x736342], sa_mask[0]=11111111011111110111111111111111, sa_flags=SA_ONSTACK|SA_RESTART|SA_SIGINFO
SIGBUS: [libjvm.dylib+0x736342], sa_mask[0]=11111111011111110111111111111111, sa_flags=SA_RESTART|SA_SIGINFO
SIGFPE: [libjvm.dylib+0x736342], sa_mask[0]=11111111011111110111111111111111, sa_flags=SA_RESTART|SA_SIGINFO
SIGPIPE: [libjvm.dylib+0x5dddb6], sa_mask[0]=11111111011111110111111111111111, sa_flags=SA_RESTART|SA_SIGINFO
SIGXFSZ: [libjvm.dylib+0x5dddb6], sa_mask[0]=11111111011111110111111111111111, sa_flags=SA_RESTART|SA_SIGINFO
SIGILL: [libjvm.dylib+0x736342], sa_mask[0]=11111111011111110111111111111111, sa_flags=SA_RESTART|SA_SIGINFO
SIGUSR2: [libjvm.dylib+0x5de39b], sa_mask[0]=00100000000000000000000000000000, sa_flags=SA_RESTART|SA_SIGINFO
SIGHUP: [libjvm.dylib+0x5dd05b], sa_mask[0]=11111111011111110111111111111111, sa_flags=SA_RESTART|SA_SIGINFO
SIGINT: [libjvm.dylib+0x5dd05b], sa_mask[0]=11111111011111110111111111111111, sa_flags=SA_RESTART|SA_SIGINFO
SIGTERM: [libjvm.dylib+0x5dd05b], sa_mask[0]=11111111011111110111111111111111, sa_flags=SA_RESTART|SA_SIGINFO
SIGQUIT: [libjvm.dylib+0x5dd05b], sa_mask[0]=11111111011111110111111111111111, sa_flags=SA_RESTART|SA_SIGINFO


---------------  S Y S T E M  ---------------

OS:uname:Darwin 19.0.0 Darwin Kernel Version 19.0.0: Wed Sep 25 20:18:50 PDT 2019; root:xnu-6153.11.26~2/RELEASE_X86_64 x86_64
rlimit: STACK 8192k, CORE 0k, NPROC 2784, NOFILE 10240, AS infinity, DATA infinity, FSIZE infinity
load average:2.27 2.34 2.57

CPU:total 8 (initial active 8) (4 cores per cpu, 2 threads per core) family 6 model 94 stepping 3, cmov, cx8, fxsr, mmx, sse, sse2, sse3, ssse3, sse4.1, sse4.2, popcnt, avx, avx2, aes, clmul, erms, rtm, 3dnowpref, lzcnt, ht, tsc, tscinvbit, bmi1, bmi2, adx, fma

Memory: 4k page, physical 16777216k(36976k free)

vm_info: OpenJDK 64-Bit Server VM (12.0.1+12) for bsd-amd64 JRE (12.0.1+12), built on Apr  2 2019 08:16:28 by "mach5one" with gcc 4.2.1 Compatible Apple LLVM 9.1.0 (clang-902.0.39.2)

END.
